************************************************************
*                                                          *
*                     W E L C O M E to                     *
*              M A D G R A P H 5 _ a M C @ N L O           *
*                                                          *
*                                                          *
*                 *                       *                *
*                   *        * *        *                  *
*                     * * * * 5 * * * *                    *
*                   *        * *        *                  *
*                 *                       *                *
*                                                          *
*         VERSION 2.6.7                 2019-10-16         *
*                                                          *
*    The MadGraph5_aMC@NLO Development Team - Find us at   *
*    https://server06.fynu.ucl.ac.be/projects/madgraph     *
*                            and                           *
*            http://amcatnlo.web.cern.ch/amcatnlo/         *
*                                                          *
*               Type 'help' for in-line help.              *
*           Type 'tutorial' to learn how MG5 works         *
*    Type 'tutorial aMCatNLO' to learn how aMC@NLO works   *
*    Type 'tutorial MadLoop' to learn how MadLoop works    *
*                                                          *
************************************************************
load MG5 configuration from ../../MG5_aMC_v2_6_7/input/mg5_configuration.txt 
set fastjet to /users/gerhard.ungersbaeck/MG5_aMC_v2_6_7/HEPTools/fastjet-3.3.2/fastjet-config
set lhapdf to /users/gerhard.ungersbaeck/MG5_aMC_v2_6_7/HEPTools/lhapdf6/bin/lhapdf-config
Using default text editor "vi". Set another one in ./input/mg5_configuration.txt
Using default eps viewer "evince". Set another one in ./input/mg5_configuration.txt
Using default web browser "firefox". Set another one in ./input/mg5_configuration.txt
import /users/gerhard.ungersbaeck/madskripts/checkjet/jetcheck_3j
The import format was not given, so we guess it as command
import model sm-no_b_mass
INFO: Restrict model sm with file ../../MG5_aMC_v2_6_7/models/sm/restrict_no_b_mass.dat . 
INFO: Run "set stdout_level DEBUG" before import for more information. 
INFO: Change particles name to pass to MG5 convention 
Defined multiparticle p = g u c d s u~ c~ d~ s~
Defined multiparticle j = g u c d s u~ c~ d~ s~
Defined multiparticle l+ = e+ mu+
Defined multiparticle l- = e- mu-
Defined multiparticle vl = ve vm vt
Defined multiparticle vl~ = ve~ vm~ vt~
[1;34mPass the definition of 'j' and 'p' to 5 flavour scheme.[0m
Defined multiparticle all = g u c d s b u~ c~ d~ s~ b~ a ve vm vt e- mu- ve~ vm~ vt~ e+ mu+ t t~ z w+ h w- ta- ta+
generate p p > mu+ mu- j j j / h @0
INFO: Checking for minimal orders which gives processes. 
INFO: Please specify coupling orders to bypass this step. 
INFO: Trying coupling order WEIGHTED<=7: WEIGTHED IS 2*QED+QCD 
INFO: Trying process: g g > mu+ mu- g g g WEIGHTED<=7 / h  
INFO: Trying process: g g > mu+ mu- g u u~ WEIGHTED<=7 / h  
INFO: Process has 100 diagrams 
INFO: Trying process: g g > mu+ mu- g u c~ WEIGHTED<=7 / h  
INFO: Trying process: g g > mu+ mu- g c u~ WEIGHTED<=7 / h  
INFO: Trying process: g g > mu+ mu- g c c~ WEIGHTED<=7 / h  
INFO: Process has 100 diagrams 
INFO: Trying process: g g > mu+ mu- g d d~ WEIGHTED<=7 / h  
INFO: Process has 100 diagrams 
INFO: Trying process: g g > mu+ mu- g d s~ WEIGHTED<=7 / h  
INFO: Trying process: g g > mu+ mu- g d b~ WEIGHTED<=7 / h  
INFO: Trying process: g g > mu+ mu- g s d~ WEIGHTED<=7 / h  
INFO: Trying process: g g > mu+ mu- g s s~ WEIGHTED<=7 / h  
INFO: Process has 100 diagrams 
INFO: Trying process: g g > mu+ mu- g s b~ WEIGHTED<=7 / h  
INFO: Trying process: g g > mu+ mu- g d~ b WEIGHTED<=7 / h  
INFO: Trying process: g g > mu+ mu- g s~ b WEIGHTED<=7 / h  
INFO: Trying process: g g > mu+ mu- g b b~ WEIGHTED<=7 / h  
INFO: Process has 100 diagrams 
INFO: Crossed process found for g u > mu+ mu- g g u, reuse diagrams. 
INFO: Trying process: g u > mu+ mu- u u u~ WEIGHTED<=7 / h  
INFO: Process has 96 diagrams 
INFO: Trying process: g u > mu+ mu- u u c~ WEIGHTED<=7 / h  
INFO: Trying process: g u > mu+ mu- u c u~ WEIGHTED<=7 / h  
INFO: Trying process: g u > mu+ mu- u c c~ WEIGHTED<=7 / h  
INFO: Process has 48 diagrams 
INFO: Trying process: g u > mu+ mu- u d d~ WEIGHTED<=7 / h  
INFO: Process has 48 diagrams 
INFO: Trying process: g u > mu+ mu- u d s~ WEIGHTED<=7 / h  
INFO: Trying process: g u > mu+ mu- u d b~ WEIGHTED<=7 / h  
INFO: Trying process: g u > mu+ mu- u s d~ WEIGHTED<=7 / h  
INFO: Trying process: g u > mu+ mu- u s s~ WEIGHTED<=7 / h  
INFO: Process has 48 diagrams 
INFO: Trying process: g u > mu+ mu- u s b~ WEIGHTED<=7 / h  
INFO: Trying process: g u > mu+ mu- u d~ b WEIGHTED<=7 / h  
INFO: Trying process: g u > mu+ mu- u s~ b WEIGHTED<=7 / h  
INFO: Trying process: g u > mu+ mu- u b b~ WEIGHTED<=7 / h  
INFO: Process has 48 diagrams 
INFO: Trying process: g u > mu+ mu- c c u~ WEIGHTED<=7 / h  
INFO: Trying process: g u > mu+ mu- c c c~ WEIGHTED<=7 / h  
INFO: Trying process: g u > mu+ mu- c d d~ WEIGHTED<=7 / h  
INFO: Trying process: g u > mu+ mu- c d s~ WEIGHTED<=7 / h  
INFO: Trying process: g u > mu+ mu- c d b~ WEIGHTED<=7 / h  
INFO: Trying process: g u > mu+ mu- c s d~ WEIGHTED<=7 / h  
INFO: Trying process: g u > mu+ mu- c s s~ WEIGHTED<=7 / h  
INFO: Trying process: g u > mu+ mu- c s b~ WEIGHTED<=7 / h  
INFO: Trying process: g u > mu+ mu- c d~ b WEIGHTED<=7 / h  
INFO: Trying process: g u > mu+ mu- c s~ b WEIGHTED<=7 / h  
INFO: Trying process: g u > mu+ mu- c b b~ WEIGHTED<=7 / h  
INFO: Crossed process found for g c > mu+ mu- g g c, reuse diagrams. 
INFO: Trying process: g c > mu+ mu- u u c~ WEIGHTED<=7 / h  
INFO: Crossed process found for g c > mu+ mu- u c u~, reuse diagrams. 
INFO: Trying process: g c > mu+ mu- u c c~ WEIGHTED<=7 / h  
INFO: Trying process: g c > mu+ mu- u d d~ WEIGHTED<=7 / h  
INFO: Trying process: g c > mu+ mu- u d s~ WEIGHTED<=7 / h  
INFO: Trying process: g c > mu+ mu- u d b~ WEIGHTED<=7 / h  
INFO: Trying process: g c > mu+ mu- u s d~ WEIGHTED<=7 / h  
INFO: Trying process: g c > mu+ mu- u s s~ WEIGHTED<=7 / h  
INFO: Trying process: g c > mu+ mu- u s b~ WEIGHTED<=7 / h  
INFO: Trying process: g c > mu+ mu- u d~ b WEIGHTED<=7 / h  
INFO: Trying process: g c > mu+ mu- u s~ b WEIGHTED<=7 / h  
INFO: Trying process: g c > mu+ mu- u b b~ WEIGHTED<=7 / h  
INFO: Trying process: g c > mu+ mu- c c c~ WEIGHTED<=7 / h  
INFO: Process has 96 diagrams 
INFO: Trying process: g c > mu+ mu- c d d~ WEIGHTED<=7 / h  
INFO: Process has 48 diagrams 
INFO: Trying process: g c > mu+ mu- c d s~ WEIGHTED<=7 / h  
INFO: Trying process: g c > mu+ mu- c d b~ WEIGHTED<=7 / h  
INFO: Trying process: g c > mu+ mu- c s d~ WEIGHTED<=7 / h  
INFO: Trying process: g c > mu+ mu- c s s~ WEIGHTED<=7 / h  
INFO: Process has 48 diagrams 
INFO: Trying process: g c > mu+ mu- c s b~ WEIGHTED<=7 / h  
INFO: Trying process: g c > mu+ mu- c d~ b WEIGHTED<=7 / h  
INFO: Trying process: g c > mu+ mu- c s~ b WEIGHTED<=7 / h  
INFO: Trying process: g c > mu+ mu- c b b~ WEIGHTED<=7 / h  
INFO: Process has 48 diagrams 
INFO: Crossed process found for g d > mu+ mu- g g d, reuse diagrams. 
INFO: Crossed process found for g d > mu+ mu- u d u~, reuse diagrams. 
INFO: Crossed process found for g d > mu+ mu- c d c~, reuse diagrams. 
INFO: Trying process: g d > mu+ mu- d d d~ WEIGHTED<=7 / h  
INFO: Process has 96 diagrams 
INFO: Trying process: g d > mu+ mu- d d s~ WEIGHTED<=7 / h  
INFO: Trying process: g d > mu+ mu- d d b~ WEIGHTED<=7 / h  
INFO: Trying process: g d > mu+ mu- d s d~ WEIGHTED<=7 / h  
INFO: Trying process: g d > mu+ mu- d s s~ WEIGHTED<=7 / h  
INFO: Process has 48 diagrams 
INFO: Trying process: g d > mu+ mu- d s b~ WEIGHTED<=7 / h  
INFO: Trying process: g d > mu+ mu- d d~ b WEIGHTED<=7 / h  
INFO: Trying process: g d > mu+ mu- d s~ b WEIGHTED<=7 / h  
INFO: Trying process: g d > mu+ mu- d b b~ WEIGHTED<=7 / h  
INFO: Process has 48 diagrams 
INFO: Trying process: g d > mu+ mu- s s d~ WEIGHTED<=7 / h  
INFO: Trying process: g d > mu+ mu- s s s~ WEIGHTED<=7 / h  
INFO: Trying process: g d > mu+ mu- s s b~ WEIGHTED<=7 / h  
INFO: Trying process: g d > mu+ mu- s d~ b WEIGHTED<=7 / h  
INFO: Trying process: g d > mu+ mu- s s~ b WEIGHTED<=7 / h  
INFO: Trying process: g d > mu+ mu- s b b~ WEIGHTED<=7 / h  
INFO: Trying process: g d > mu+ mu- d~ b b WEIGHTED<=7 / h  
INFO: Trying process: g d > mu+ mu- s~ b b WEIGHTED<=7 / h  
INFO: Trying process: g d > mu+ mu- b b b~ WEIGHTED<=7 / h  
INFO: Crossed process found for g s > mu+ mu- g g s, reuse diagrams. 
INFO: Crossed process found for g s > mu+ mu- u s u~, reuse diagrams. 
INFO: Crossed process found for g s > mu+ mu- c s c~, reuse diagrams. 
INFO: Trying process: g s > mu+ mu- d d s~ WEIGHTED<=7 / h  
INFO: Trying process: g s > mu+ mu- d d b~ WEIGHTED<=7 / h  
INFO: Crossed process found for g s > mu+ mu- d s d~, reuse diagrams. 
INFO: Trying process: g s > mu+ mu- d s s~ WEIGHTED<=7 / h  
INFO: Trying process: g s > mu+ mu- d s b~ WEIGHTED<=7 / h  
INFO: Trying process: g s > mu+ mu- d s~ b WEIGHTED<=7 / h  
INFO: Trying process: g s > mu+ mu- d b b~ WEIGHTED<=7 / h  
INFO: Trying process: g s > mu+ mu- s s s~ WEIGHTED<=7 / h  
INFO: Process has 96 diagrams 
INFO: Trying process: g s > mu+ mu- s s b~ WEIGHTED<=7 / h  
INFO: Trying process: g s > mu+ mu- s s~ b WEIGHTED<=7 / h  
INFO: Trying process: g s > mu+ mu- s b b~ WEIGHTED<=7 / h  
INFO: Process has 48 diagrams 
INFO: Trying process: g s > mu+ mu- s~ b b WEIGHTED<=7 / h  
INFO: Trying process: g s > mu+ mu- b b b~ WEIGHTED<=7 / h  
INFO: Crossed process found for g u~ > mu+ mu- g g u~, reuse diagrams. 
INFO: Crossed process found for g u~ > mu+ mu- u u~ u~, reuse diagrams. 
INFO: Crossed process found for g u~ > mu+ mu- c u~ c~, reuse diagrams. 
INFO: Crossed process found for g u~ > mu+ mu- d u~ d~, reuse diagrams. 
INFO: Crossed process found for g u~ > mu+ mu- s u~ s~, reuse diagrams. 
INFO: Crossed process found for g u~ > mu+ mu- u~ b b~, reuse diagrams. 
INFO: Crossed process found for g c~ > mu+ mu- g g c~, reuse diagrams. 
INFO: Crossed process found for g c~ > mu+ mu- u u~ c~, reuse diagrams. 
INFO: Crossed process found for g c~ > mu+ mu- c c~ c~, reuse diagrams. 
INFO: Crossed process found for g c~ > mu+ mu- d c~ d~, reuse diagrams. 
INFO: Crossed process found for g c~ > mu+ mu- s c~ s~, reuse diagrams. 
INFO: Crossed process found for g c~ > mu+ mu- c~ b b~, reuse diagrams. 
INFO: Crossed process found for g d~ > mu+ mu- g g d~, reuse diagrams. 
INFO: Crossed process found for g d~ > mu+ mu- u u~ d~, reuse diagrams. 
INFO: Crossed process found for g d~ > mu+ mu- c c~ d~, reuse diagrams. 
INFO: Crossed process found for g d~ > mu+ mu- d d~ d~, reuse diagrams. 
INFO: Trying process: g d~ > mu+ mu- d b~ b~ WEIGHTED<=7 / h  
INFO: Crossed process found for g d~ > mu+ mu- s d~ s~, reuse diagrams. 
INFO: Trying process: g d~ > mu+ mu- s b~ b~ WEIGHTED<=7 / h  
INFO: Crossed process found for g d~ > mu+ mu- d~ b b~, reuse diagrams. 
INFO: Trying process: g d~ > mu+ mu- b b~ b~ WEIGHTED<=7 / h  
INFO: Crossed process found for g s~ > mu+ mu- g g s~, reuse diagrams. 
INFO: Crossed process found for g s~ > mu+ mu- u u~ s~, reuse diagrams. 
INFO: Crossed process found for g s~ > mu+ mu- c c~ s~, reuse diagrams. 
INFO: Crossed process found for g s~ > mu+ mu- d d~ s~, reuse diagrams. 
INFO: Crossed process found for g s~ > mu+ mu- s s~ s~, reuse diagrams. 
INFO: Trying process: g s~ > mu+ mu- s b~ b~ WEIGHTED<=7 / h  
INFO: Crossed process found for g s~ > mu+ mu- s~ b b~, reuse diagrams. 
INFO: Trying process: g s~ > mu+ mu- b b~ b~ WEIGHTED<=7 / h  
INFO: Crossed process found for g b > mu+ mu- g g b, reuse diagrams. 
INFO: Crossed process found for g b > mu+ mu- u u~ b, reuse diagrams. 
INFO: Crossed process found for g b > mu+ mu- c c~ b, reuse diagrams. 
INFO: Crossed process found for g b > mu+ mu- d d~ b, reuse diagrams. 
INFO: Crossed process found for g b > mu+ mu- s s~ b, reuse diagrams. 
INFO: Trying process: g b > mu+ mu- b b b~ WEIGHTED<=7 / h  
INFO: Process has 96 diagrams 
INFO: Crossed process found for g b~ > mu+ mu- g g b~, reuse diagrams. 
INFO: Crossed process found for g b~ > mu+ mu- u u~ b~, reuse diagrams. 
INFO: Crossed process found for g b~ > mu+ mu- c c~ b~, reuse diagrams. 
INFO: Crossed process found for g b~ > mu+ mu- d d~ b~, reuse diagrams. 
INFO: Crossed process found for g b~ > mu+ mu- s s~ b~, reuse diagrams. 
INFO: Crossed process found for g b~ > mu+ mu- b b~ b~, reuse diagrams. 
INFO: Process u g > mu+ mu- g g u added to mirror process g u > mu+ mu- g g u 
INFO: Process u g > mu+ mu- u u u~ added to mirror process g u > mu+ mu- u u u~ 
INFO: Process u g > mu+ mu- u c c~ added to mirror process g u > mu+ mu- u c c~ 
INFO: Process u g > mu+ mu- u d d~ added to mirror process g u > mu+ mu- u d d~ 
INFO: Process u g > mu+ mu- u s s~ added to mirror process g u > mu+ mu- u s s~ 
INFO: Process u g > mu+ mu- u b b~ added to mirror process g u > mu+ mu- u b b~ 
INFO: Crossed process found for u u > mu+ mu- g u u, reuse diagrams. 
INFO: Crossed process found for u c > mu+ mu- g u c, reuse diagrams. 
INFO: Crossed process found for u d > mu+ mu- g u d, reuse diagrams. 
INFO: Crossed process found for u s > mu+ mu- g u s, reuse diagrams. 
INFO: Crossed process found for u u~ > mu+ mu- g g g, reuse diagrams. 
INFO: Crossed process found for u u~ > mu+ mu- g u u~, reuse diagrams. 
INFO: Crossed process found for u u~ > mu+ mu- g c c~, reuse diagrams. 
INFO: Crossed process found for u u~ > mu+ mu- g d d~, reuse diagrams. 
INFO: Crossed process found for u u~ > mu+ mu- g s s~, reuse diagrams. 
INFO: Crossed process found for u u~ > mu+ mu- g b b~, reuse diagrams. 
INFO: Crossed process found for u c~ > mu+ mu- g u c~, reuse diagrams. 
INFO: Crossed process found for u d~ > mu+ mu- g u d~, reuse diagrams. 
INFO: Crossed process found for u s~ > mu+ mu- g u s~, reuse diagrams. 
INFO: Crossed process found for u b > mu+ mu- g u b, reuse diagrams. 
INFO: Crossed process found for u b~ > mu+ mu- g u b~, reuse diagrams. 
INFO: Process c g > mu+ mu- g g c added to mirror process g c > mu+ mu- g g c 
INFO: Process c g > mu+ mu- u c u~ added to mirror process g c > mu+ mu- u c u~ 
INFO: Process c g > mu+ mu- c c c~ added to mirror process g c > mu+ mu- c c c~ 
INFO: Process c g > mu+ mu- c d d~ added to mirror process g c > mu+ mu- c d d~ 
INFO: Process c g > mu+ mu- c s s~ added to mirror process g c > mu+ mu- c s s~ 
INFO: Process c g > mu+ mu- c b b~ added to mirror process g c > mu+ mu- c b b~ 
INFO: Process c u > mu+ mu- g u c added to mirror process u c > mu+ mu- g u c 
INFO: Crossed process found for c c > mu+ mu- g c c, reuse diagrams. 
INFO: Crossed process found for c d > mu+ mu- g c d, reuse diagrams. 
INFO: Crossed process found for c s > mu+ mu- g c s, reuse diagrams. 
INFO: Crossed process found for c u~ > mu+ mu- g c u~, reuse diagrams. 
INFO: Crossed process found for c c~ > mu+ mu- g g g, reuse diagrams. 
INFO: Crossed process found for c c~ > mu+ mu- g u u~, reuse diagrams. 
INFO: Crossed process found for c c~ > mu+ mu- g c c~, reuse diagrams. 
INFO: Crossed process found for c c~ > mu+ mu- g d d~, reuse diagrams. 
INFO: Crossed process found for c c~ > mu+ mu- g s s~, reuse diagrams. 
INFO: Crossed process found for c c~ > mu+ mu- g b b~, reuse diagrams. 
INFO: Crossed process found for c d~ > mu+ mu- g c d~, reuse diagrams. 
INFO: Crossed process found for c s~ > mu+ mu- g c s~, reuse diagrams. 
INFO: Crossed process found for c b > mu+ mu- g c b, reuse diagrams. 
INFO: Crossed process found for c b~ > mu+ mu- g c b~, reuse diagrams. 
INFO: Process d g > mu+ mu- g g d added to mirror process g d > mu+ mu- g g d 
INFO: Process d g > mu+ mu- u d u~ added to mirror process g d > mu+ mu- u d u~ 
INFO: Process d g > mu+ mu- c d c~ added to mirror process g d > mu+ mu- c d c~ 
INFO: Process d g > mu+ mu- d d d~ added to mirror process g d > mu+ mu- d d d~ 
INFO: Process d g > mu+ mu- d s s~ added to mirror process g d > mu+ mu- d s s~ 
INFO: Process d g > mu+ mu- d b b~ added to mirror process g d > mu+ mu- d b b~ 
INFO: Process d u > mu+ mu- g u d added to mirror process u d > mu+ mu- g u d 
INFO: Process d c > mu+ mu- g c d added to mirror process c d > mu+ mu- g c d 
INFO: Crossed process found for d d > mu+ mu- g d d, reuse diagrams. 
INFO: Crossed process found for d s > mu+ mu- g d s, reuse diagrams. 
INFO: Crossed process found for d u~ > mu+ mu- g d u~, reuse diagrams. 
INFO: Crossed process found for d c~ > mu+ mu- g d c~, reuse diagrams. 
INFO: Crossed process found for d d~ > mu+ mu- g g g, reuse diagrams. 
INFO: Crossed process found for d d~ > mu+ mu- g u u~, reuse diagrams. 
INFO: Crossed process found for d d~ > mu+ mu- g c c~, reuse diagrams. 
INFO: Crossed process found for d d~ > mu+ mu- g d d~, reuse diagrams. 
INFO: Crossed process found for d d~ > mu+ mu- g s s~, reuse diagrams. 
INFO: Crossed process found for d d~ > mu+ mu- g b b~, reuse diagrams. 
INFO: Crossed process found for d s~ > mu+ mu- g d s~, reuse diagrams. 
INFO: Crossed process found for d b > mu+ mu- g d b, reuse diagrams. 
INFO: Crossed process found for d b~ > mu+ mu- g d b~, reuse diagrams. 
INFO: Process s g > mu+ mu- g g s added to mirror process g s > mu+ mu- g g s 
INFO: Process s g > mu+ mu- u s u~ added to mirror process g s > mu+ mu- u s u~ 
INFO: Process s g > mu+ mu- c s c~ added to mirror process g s > mu+ mu- c s c~ 
INFO: Process s g > mu+ mu- d s d~ added to mirror process g s > mu+ mu- d s d~ 
INFO: Process s g > mu+ mu- s s s~ added to mirror process g s > mu+ mu- s s s~ 
INFO: Process s g > mu+ mu- s b b~ added to mirror process g s > mu+ mu- s b b~ 
INFO: Process s u > mu+ mu- g u s added to mirror process u s > mu+ mu- g u s 
INFO: Process s c > mu+ mu- g c s added to mirror process c s > mu+ mu- g c s 
INFO: Process s d > mu+ mu- g d s added to mirror process d s > mu+ mu- g d s 
INFO: Crossed process found for s s > mu+ mu- g s s, reuse diagrams. 
INFO: Crossed process found for s u~ > mu+ mu- g s u~, reuse diagrams. 
INFO: Crossed process found for s c~ > mu+ mu- g s c~, reuse diagrams. 
INFO: Crossed process found for s d~ > mu+ mu- g s d~, reuse diagrams. 
INFO: Crossed process found for s s~ > mu+ mu- g g g, reuse diagrams. 
INFO: Crossed process found for s s~ > mu+ mu- g u u~, reuse diagrams. 
INFO: Crossed process found for s s~ > mu+ mu- g c c~, reuse diagrams. 
INFO: Crossed process found for s s~ > mu+ mu- g d d~, reuse diagrams. 
INFO: Crossed process found for s s~ > mu+ mu- g s s~, reuse diagrams. 
INFO: Crossed process found for s s~ > mu+ mu- g b b~, reuse diagrams. 
INFO: Crossed process found for s b > mu+ mu- g s b, reuse diagrams. 
INFO: Crossed process found for s b~ > mu+ mu- g s b~, reuse diagrams. 
INFO: Process u~ g > mu+ mu- g g u~ added to mirror process g u~ > mu+ mu- g g u~ 
INFO: Process u~ g > mu+ mu- u u~ u~ added to mirror process g u~ > mu+ mu- u u~ u~ 
INFO: Process u~ g > mu+ mu- c u~ c~ added to mirror process g u~ > mu+ mu- c u~ c~ 
INFO: Process u~ g > mu+ mu- d u~ d~ added to mirror process g u~ > mu+ mu- d u~ d~ 
INFO: Process u~ g > mu+ mu- s u~ s~ added to mirror process g u~ > mu+ mu- s u~ s~ 
INFO: Process u~ g > mu+ mu- u~ b b~ added to mirror process g u~ > mu+ mu- u~ b b~ 
INFO: Process u~ u > mu+ mu- g g g added to mirror process u u~ > mu+ mu- g g g 
INFO: Process u~ u > mu+ mu- g u u~ added to mirror process u u~ > mu+ mu- g u u~ 
INFO: Process u~ u > mu+ mu- g c c~ added to mirror process u u~ > mu+ mu- g c c~ 
INFO: Process u~ u > mu+ mu- g d d~ added to mirror process u u~ > mu+ mu- g d d~ 
INFO: Process u~ u > mu+ mu- g s s~ added to mirror process u u~ > mu+ mu- g s s~ 
INFO: Process u~ u > mu+ mu- g b b~ added to mirror process u u~ > mu+ mu- g b b~ 
INFO: Process u~ c > mu+ mu- g c u~ added to mirror process c u~ > mu+ mu- g c u~ 
INFO: Process u~ d > mu+ mu- g d u~ added to mirror process d u~ > mu+ mu- g d u~ 
INFO: Process u~ s > mu+ mu- g s u~ added to mirror process s u~ > mu+ mu- g s u~ 
INFO: Crossed process found for u~ u~ > mu+ mu- g u~ u~, reuse diagrams. 
INFO: Crossed process found for u~ c~ > mu+ mu- g u~ c~, reuse diagrams. 
INFO: Crossed process found for u~ d~ > mu+ mu- g u~ d~, reuse diagrams. 
INFO: Crossed process found for u~ s~ > mu+ mu- g u~ s~, reuse diagrams. 
INFO: Crossed process found for u~ b > mu+ mu- g u~ b, reuse diagrams. 
INFO: Crossed process found for u~ b~ > mu+ mu- g u~ b~, reuse diagrams. 
INFO: Process c~ g > mu+ mu- g g c~ added to mirror process g c~ > mu+ mu- g g c~ 
INFO: Process c~ g > mu+ mu- u u~ c~ added to mirror process g c~ > mu+ mu- u u~ c~ 
INFO: Process c~ g > mu+ mu- c c~ c~ added to mirror process g c~ > mu+ mu- c c~ c~ 
INFO: Process c~ g > mu+ mu- d c~ d~ added to mirror process g c~ > mu+ mu- d c~ d~ 
INFO: Process c~ g > mu+ mu- s c~ s~ added to mirror process g c~ > mu+ mu- s c~ s~ 
INFO: Process c~ g > mu+ mu- c~ b b~ added to mirror process g c~ > mu+ mu- c~ b b~ 
INFO: Process c~ u > mu+ mu- g u c~ added to mirror process u c~ > mu+ mu- g u c~ 
INFO: Process c~ c > mu+ mu- g g g added to mirror process c c~ > mu+ mu- g g g 
INFO: Process c~ c > mu+ mu- g u u~ added to mirror process c c~ > mu+ mu- g u u~ 
INFO: Process c~ c > mu+ mu- g c c~ added to mirror process c c~ > mu+ mu- g c c~ 
INFO: Process c~ c > mu+ mu- g d d~ added to mirror process c c~ > mu+ mu- g d d~ 
INFO: Process c~ c > mu+ mu- g s s~ added to mirror process c c~ > mu+ mu- g s s~ 
INFO: Process c~ c > mu+ mu- g b b~ added to mirror process c c~ > mu+ mu- g b b~ 
INFO: Process c~ d > mu+ mu- g d c~ added to mirror process d c~ > mu+ mu- g d c~ 
INFO: Process c~ s > mu+ mu- g s c~ added to mirror process s c~ > mu+ mu- g s c~ 
INFO: Process c~ u~ > mu+ mu- g u~ c~ added to mirror process u~ c~ > mu+ mu- g u~ c~ 
INFO: Crossed process found for c~ c~ > mu+ mu- g c~ c~, reuse diagrams. 
INFO: Crossed process found for c~ d~ > mu+ mu- g c~ d~, reuse diagrams. 
INFO: Crossed process found for c~ s~ > mu+ mu- g c~ s~, reuse diagrams. 
INFO: Crossed process found for c~ b > mu+ mu- g c~ b, reuse diagrams. 
INFO: Crossed process found for c~ b~ > mu+ mu- g c~ b~, reuse diagrams. 
INFO: Process d~ g > mu+ mu- g g d~ added to mirror process g d~ > mu+ mu- g g d~ 
INFO: Process d~ g > mu+ mu- u u~ d~ added to mirror process g d~ > mu+ mu- u u~ d~ 
INFO: Process d~ g > mu+ mu- c c~ d~ added to mirror process g d~ > mu+ mu- c c~ d~ 
INFO: Process d~ g > mu+ mu- d d~ d~ added to mirror process g d~ > mu+ mu- d d~ d~ 
INFO: Process d~ g > mu+ mu- s d~ s~ added to mirror process g d~ > mu+ mu- s d~ s~ 
INFO: Process d~ g > mu+ mu- d~ b b~ added to mirror process g d~ > mu+ mu- d~ b b~ 
INFO: Process d~ u > mu+ mu- g u d~ added to mirror process u d~ > mu+ mu- g u d~ 
INFO: Process d~ c > mu+ mu- g c d~ added to mirror process c d~ > mu+ mu- g c d~ 
INFO: Process d~ d > mu+ mu- g g g added to mirror process d d~ > mu+ mu- g g g 
INFO: Process d~ d > mu+ mu- g u u~ added to mirror process d d~ > mu+ mu- g u u~ 
INFO: Process d~ d > mu+ mu- g c c~ added to mirror process d d~ > mu+ mu- g c c~ 
INFO: Process d~ d > mu+ mu- g d d~ added to mirror process d d~ > mu+ mu- g d d~ 
INFO: Process d~ d > mu+ mu- g s s~ added to mirror process d d~ > mu+ mu- g s s~ 
INFO: Process d~ d > mu+ mu- g b b~ added to mirror process d d~ > mu+ mu- g b b~ 
INFO: Process d~ s > mu+ mu- g s d~ added to mirror process s d~ > mu+ mu- g s d~ 
INFO: Process d~ u~ > mu+ mu- g u~ d~ added to mirror process u~ d~ > mu+ mu- g u~ d~ 
INFO: Process d~ c~ > mu+ mu- g c~ d~ added to mirror process c~ d~ > mu+ mu- g c~ d~ 
INFO: Crossed process found for d~ d~ > mu+ mu- g d~ d~, reuse diagrams. 
INFO: Crossed process found for d~ s~ > mu+ mu- g d~ s~, reuse diagrams. 
INFO: Crossed process found for d~ b > mu+ mu- g d~ b, reuse diagrams. 
INFO: Crossed process found for d~ b~ > mu+ mu- g d~ b~, reuse diagrams. 
INFO: Process s~ g > mu+ mu- g g s~ added to mirror process g s~ > mu+ mu- g g s~ 
INFO: Process s~ g > mu+ mu- u u~ s~ added to mirror process g s~ > mu+ mu- u u~ s~ 
INFO: Process s~ g > mu+ mu- c c~ s~ added to mirror process g s~ > mu+ mu- c c~ s~ 
INFO: Process s~ g > mu+ mu- d d~ s~ added to mirror process g s~ > mu+ mu- d d~ s~ 
INFO: Process s~ g > mu+ mu- s s~ s~ added to mirror process g s~ > mu+ mu- s s~ s~ 
INFO: Process s~ g > mu+ mu- s~ b b~ added to mirror process g s~ > mu+ mu- s~ b b~ 
INFO: Process s~ u > mu+ mu- g u s~ added to mirror process u s~ > mu+ mu- g u s~ 
INFO: Process s~ c > mu+ mu- g c s~ added to mirror process c s~ > mu+ mu- g c s~ 
INFO: Process s~ d > mu+ mu- g d s~ added to mirror process d s~ > mu+ mu- g d s~ 
INFO: Process s~ s > mu+ mu- g g g added to mirror process s s~ > mu+ mu- g g g 
INFO: Process s~ s > mu+ mu- g u u~ added to mirror process s s~ > mu+ mu- g u u~ 
INFO: Process s~ s > mu+ mu- g c c~ added to mirror process s s~ > mu+ mu- g c c~ 
INFO: Process s~ s > mu+ mu- g d d~ added to mirror process s s~ > mu+ mu- g d d~ 
INFO: Process s~ s > mu+ mu- g s s~ added to mirror process s s~ > mu+ mu- g s s~ 
INFO: Process s~ s > mu+ mu- g b b~ added to mirror process s s~ > mu+ mu- g b b~ 
INFO: Process s~ u~ > mu+ mu- g u~ s~ added to mirror process u~ s~ > mu+ mu- g u~ s~ 
INFO: Process s~ c~ > mu+ mu- g c~ s~ added to mirror process c~ s~ > mu+ mu- g c~ s~ 
INFO: Process s~ d~ > mu+ mu- g d~ s~ added to mirror process d~ s~ > mu+ mu- g d~ s~ 
INFO: Crossed process found for s~ s~ > mu+ mu- g s~ s~, reuse diagrams. 
INFO: Crossed process found for s~ b > mu+ mu- g s~ b, reuse diagrams. 
INFO: Crossed process found for s~ b~ > mu+ mu- g s~ b~, reuse diagrams. 
INFO: Process b g > mu+ mu- g g b added to mirror process g b > mu+ mu- g g b 
INFO: Process b g > mu+ mu- u u~ b added to mirror process g b > mu+ mu- u u~ b 
INFO: Process b g > mu+ mu- c c~ b added to mirror process g b > mu+ mu- c c~ b 
INFO: Process b g > mu+ mu- d d~ b added to mirror process g b > mu+ mu- d d~ b 
INFO: Process b g > mu+ mu- s s~ b added to mirror process g b > mu+ mu- s s~ b 
INFO: Process b g > mu+ mu- b b b~ added to mirror process g b > mu+ mu- b b b~ 
INFO: Process b u > mu+ mu- g u b added to mirror process u b > mu+ mu- g u b 
INFO: Process b c > mu+ mu- g c b added to mirror process c b > mu+ mu- g c b 
INFO: Process b d > mu+ mu- g d b added to mirror process d b > mu+ mu- g d b 
INFO: Process b s > mu+ mu- g s b added to mirror process s b > mu+ mu- g s b 
INFO: Process b u~ > mu+ mu- g u~ b added to mirror process u~ b > mu+ mu- g u~ b 
INFO: Process b c~ > mu+ mu- g c~ b added to mirror process c~ b > mu+ mu- g c~ b 
INFO: Process b d~ > mu+ mu- g d~ b added to mirror process d~ b > mu+ mu- g d~ b 
INFO: Process b s~ > mu+ mu- g s~ b added to mirror process s~ b > mu+ mu- g s~ b 
INFO: Crossed process found for b b > mu+ mu- g b b, reuse diagrams. 
INFO: Crossed process found for b b~ > mu+ mu- g g g, reuse diagrams. 
INFO: Crossed process found for b b~ > mu+ mu- g u u~, reuse diagrams. 
INFO: Crossed process found for b b~ > mu+ mu- g c c~, reuse diagrams. 
INFO: Crossed process found for b b~ > mu+ mu- g d d~, reuse diagrams. 
INFO: Crossed process found for b b~ > mu+ mu- g s s~, reuse diagrams. 
INFO: Crossed process found for b b~ > mu+ mu- g b b~, reuse diagrams. 
INFO: Process b~ g > mu+ mu- g g b~ added to mirror process g b~ > mu+ mu- g g b~ 
INFO: Process b~ g > mu+ mu- u u~ b~ added to mirror process g b~ > mu+ mu- u u~ b~ 
INFO: Process b~ g > mu+ mu- c c~ b~ added to mirror process g b~ > mu+ mu- c c~ b~ 
INFO: Process b~ g > mu+ mu- d d~ b~ added to mirror process g b~ > mu+ mu- d d~ b~ 
INFO: Process b~ g > mu+ mu- s s~ b~ added to mirror process g b~ > mu+ mu- s s~ b~ 
INFO: Process b~ g > mu+ mu- b b~ b~ added to mirror process g b~ > mu+ mu- b b~ b~ 
INFO: Process b~ u > mu+ mu- g u b~ added to mirror process u b~ > mu+ mu- g u b~ 
INFO: Process b~ c > mu+ mu- g c b~ added to mirror process c b~ > mu+ mu- g c b~ 
INFO: Process b~ d > mu+ mu- g d b~ added to mirror process d b~ > mu+ mu- g d b~ 
INFO: Process b~ s > mu+ mu- g s b~ added to mirror process s b~ > mu+ mu- g s b~ 
INFO: Process b~ u~ > mu+ mu- g u~ b~ added to mirror process u~ b~ > mu+ mu- g u~ b~ 
INFO: Process b~ c~ > mu+ mu- g c~ b~ added to mirror process c~ b~ > mu+ mu- g c~ b~ 
INFO: Process b~ d~ > mu+ mu- g d~ b~ added to mirror process d~ b~ > mu+ mu- g d~ b~ 
INFO: Process b~ s~ > mu+ mu- g s~ b~ added to mirror process s~ b~ > mu+ mu- g s~ b~ 
INFO: Process b~ b > mu+ mu- g g g added to mirror process b b~ > mu+ mu- g g g 
INFO: Process b~ b > mu+ mu- g u u~ added to mirror process b b~ > mu+ mu- g u u~ 
INFO: Process b~ b > mu+ mu- g c c~ added to mirror process b b~ > mu+ mu- g c c~ 
INFO: Process b~ b > mu+ mu- g d d~ added to mirror process b b~ > mu+ mu- g d d~ 
INFO: Process b~ b > mu+ mu- g s s~ added to mirror process b b~ > mu+ mu- g s s~ 
INFO: Process b~ b > mu+ mu- g b b~ added to mirror process b b~ > mu+ mu- g b b~ 
INFO: Crossed process found for b~ b~ > mu+ mu- g b~ b~, reuse diagrams. 
145 processes with 9200 diagrams generated in 18.171 s
Total: 145 processes with 9200 diagrams
output /mnt/hephy/pheno/gerhard/jetcheck_3j
INFO: initialize a new directory: jetcheck_3j 
INFO: remove old information in jetcheck_3j 
INFO: Organizing processes into subprocess groups 
INFO: Generating Helas calls for process: g g > mu+ mu- g u u~ WEIGHTED<=7 / h 
INFO: Processing color information for process: g g > mu+ mu- g u u~ / h 
INFO: Combined process g g > mu+ mu- g c c~ WEIGHTED<=7 / h with process g g > mu+ mu- g u u~ WEIGHTED<=7 / h 
INFO: Generating Helas calls for process: g g > mu+ mu- g d d~ WEIGHTED<=7 / h 
INFO: Reusing existing color information for process: g g > mu+ mu- g d d~ / h 
INFO: Combined process g g > mu+ mu- g s s~ WEIGHTED<=7 / h with process g g > mu+ mu- g d d~ WEIGHTED<=7 / h 
INFO: Combined process g g > mu+ mu- g b b~ WEIGHTED<=7 / h with process g g > mu+ mu- g d d~ WEIGHTED<=7 / h 
INFO: Generating Helas calls for process: g u > mu+ mu- g g u WEIGHTED<=7 / h 
INFO: Processing color information for process: g u > mu+ mu- g g u / h 
INFO: Combined process g c > mu+ mu- g g c WEIGHTED<=7 / h with process g u > mu+ mu- g g u WEIGHTED<=7 / h 
INFO: Generating Helas calls for process: g d > mu+ mu- g g d WEIGHTED<=7 / h 
INFO: Reusing existing color information for process: g d > mu+ mu- g g d / h 
INFO: Combined process g s > mu+ mu- g g s WEIGHTED<=7 / h with process g d > mu+ mu- g g d WEIGHTED<=7 / h 
INFO: Generating Helas calls for process: g u~ > mu+ mu- g g u~ WEIGHTED<=7 / h 
INFO: Processing color information for process: g u~ > mu+ mu- g g u~ / h 
INFO: Combined process g c~ > mu+ mu- g g c~ WEIGHTED<=7 / h with process g u~ > mu+ mu- g g u~ WEIGHTED<=7 / h 
INFO: Generating Helas calls for process: g d~ > mu+ mu- g g d~ WEIGHTED<=7 / h 
INFO: Reusing existing color information for process: g d~ > mu+ mu- g g d~ / h 
INFO: Combined process g s~ > mu+ mu- g g s~ WEIGHTED<=7 / h with process g d~ > mu+ mu- g g d~ WEIGHTED<=7 / h 
INFO: Combined process g b > mu+ mu- g g b WEIGHTED<=7 / h with process g d > mu+ mu- g g d WEIGHTED<=7 / h 
INFO: Combined process g b~ > mu+ mu- g g b~ WEIGHTED<=7 / h with process g d~ > mu+ mu- g g d~ WEIGHTED<=7 / h 
INFO: Generating Helas calls for process: u u~ > mu+ mu- g g g WEIGHTED<=7 / h 
INFO: Processing color information for process: u u~ > mu+ mu- g g g / h 
INFO: Combined process c c~ > mu+ mu- g g g WEIGHTED<=7 / h with process u u~ > mu+ mu- g g g WEIGHTED<=7 / h 
INFO: Generating Helas calls for process: d d~ > mu+ mu- g g g WEIGHTED<=7 / h 
INFO: Reusing existing color information for process: d d~ > mu+ mu- g g g / h 
INFO: Combined process s s~ > mu+ mu- g g g WEIGHTED<=7 / h with process d d~ > mu+ mu- g g g WEIGHTED<=7 / h 
INFO: Combined process b b~ > mu+ mu- g g g WEIGHTED<=7 / h with process d d~ > mu+ mu- g g g WEIGHTED<=7 / h 
INFO: Generating Helas calls for process: g u > mu+ mu- u u u~ WEIGHTED<=7 / h 
INFO: Processing color information for process: g u > mu+ mu- u u u~ / h 
INFO: Combined process g c > mu+ mu- c c c~ WEIGHTED<=7 / h with process g u > mu+ mu- u u u~ WEIGHTED<=7 / h 
INFO: Generating Helas calls for process: g d > mu+ mu- d d d~ WEIGHTED<=7 / h 
INFO: Reusing existing color information for process: g d > mu+ mu- d d d~ / h 
INFO: Combined process g s > mu+ mu- s s s~ WEIGHTED<=7 / h with process g d > mu+ mu- d d d~ WEIGHTED<=7 / h 
INFO: Generating Helas calls for process: g u~ > mu+ mu- u u~ u~ WEIGHTED<=7 / h 
INFO: Processing color information for process: g u~ > mu+ mu- u u~ u~ / h 
INFO: Combined process g c~ > mu+ mu- c c~ c~ WEIGHTED<=7 / h with process g u~ > mu+ mu- u u~ u~ WEIGHTED<=7 / h 
INFO: Generating Helas calls for process: g d~ > mu+ mu- d d~ d~ WEIGHTED<=7 / h 
INFO: Reusing existing color information for process: g d~ > mu+ mu- d d~ d~ / h 
INFO: Combined process g s~ > mu+ mu- s s~ s~ WEIGHTED<=7 / h with process g d~ > mu+ mu- d d~ d~ WEIGHTED<=7 / h 
INFO: Combined process g b > mu+ mu- b b b~ WEIGHTED<=7 / h with process g d > mu+ mu- d d d~ WEIGHTED<=7 / h 
INFO: Combined process g b~ > mu+ mu- b b~ b~ WEIGHTED<=7 / h with process g d~ > mu+ mu- d d~ d~ WEIGHTED<=7 / h 
INFO: Generating Helas calls for process: g u > mu+ mu- u c c~ WEIGHTED<=7 / h 
INFO: Processing color information for process: g u > mu+ mu- u c c~ / h 
INFO: Generating Helas calls for process: g u > mu+ mu- u d d~ WEIGHTED<=7 / h 
INFO: Reusing existing color information for process: g u > mu+ mu- u d d~ / h 
INFO: Combined process g u > mu+ mu- u s s~ WEIGHTED<=7 / h with process g u > mu+ mu- u d d~ WEIGHTED<=7 / h 
INFO: Combined process g u > mu+ mu- u b b~ WEIGHTED<=7 / h with process g u > mu+ mu- u d d~ WEIGHTED<=7 / h 
INFO: Combined process g c > mu+ mu- c u u~ WEIGHTED<=7 / h with process g u > mu+ mu- u c c~ WEIGHTED<=7 / h 
INFO: Combined process g c > mu+ mu- c d d~ WEIGHTED<=7 / h with process g u > mu+ mu- u d d~ WEIGHTED<=7 / h 
INFO: Combined process g c > mu+ mu- c s s~ WEIGHTED<=7 / h with process g u > mu+ mu- u d d~ WEIGHTED<=7 / h 
INFO: Combined process g c > mu+ mu- c b b~ WEIGHTED<=7 / h with process g u > mu+ mu- u d d~ WEIGHTED<=7 / h 
INFO: Generating Helas calls for process: g d > mu+ mu- u d u~ WEIGHTED<=7 / h 
INFO: Processing color information for process: g d > mu+ mu- u d u~ / h 
INFO: Combined process g d > mu+ mu- c d c~ WEIGHTED<=7 / h with process g d > mu+ mu- u d u~ WEIGHTED<=7 / h 
INFO: Generating Helas calls for process: g d > mu+ mu- d s s~ WEIGHTED<=7 / h 
INFO: Reusing existing color information for process: g d > mu+ mu- d s s~ / h 
INFO: Combined process g d > mu+ mu- d b b~ WEIGHTED<=7 / h with process g d > mu+ mu- d s s~ WEIGHTED<=7 / h 
INFO: Combined process g s > mu+ mu- u s u~ WEIGHTED<=7 / h with process g d > mu+ mu- u d u~ WEIGHTED<=7 / h 
INFO: Combined process g s > mu+ mu- c s c~ WEIGHTED<=7 / h with process g d > mu+ mu- u d u~ WEIGHTED<=7 / h 
INFO: Combined process g s > mu+ mu- s d d~ WEIGHTED<=7 / h with process g d > mu+ mu- d s s~ WEIGHTED<=7 / h 
INFO: Combined process g s > mu+ mu- s b b~ WEIGHTED<=7 / h with process g d > mu+ mu- d s s~ WEIGHTED<=7 / h 
INFO: Generating Helas calls for process: g u~ > mu+ mu- c u~ c~ WEIGHTED<=7 / h 
INFO: Processing color information for process: g u~ > mu+ mu- c u~ c~ / h 
INFO: Generating Helas calls for process: g u~ > mu+ mu- d u~ d~ WEIGHTED<=7 / h 
INFO: Reusing existing color information for process: g u~ > mu+ mu- d u~ d~ / h 
INFO: Combined process g u~ > mu+ mu- s u~ s~ WEIGHTED<=7 / h with process g u~ > mu+ mu- d u~ d~ WEIGHTED<=7 / h 
INFO: Combined process g u~ > mu+ mu- b u~ b~ WEIGHTED<=7 / h with process g u~ > mu+ mu- d u~ d~ WEIGHTED<=7 / h 
INFO: Combined process g c~ > mu+ mu- u c~ u~ WEIGHTED<=7 / h with process g u~ > mu+ mu- c u~ c~ WEIGHTED<=7 / h 
INFO: Combined process g c~ > mu+ mu- d c~ d~ WEIGHTED<=7 / h with process g u~ > mu+ mu- d u~ d~ WEIGHTED<=7 / h 
INFO: Combined process g c~ > mu+ mu- s c~ s~ WEIGHTED<=7 / h with process g u~ > mu+ mu- d u~ d~ WEIGHTED<=7 / h 
INFO: Combined process g c~ > mu+ mu- b c~ b~ WEIGHTED<=7 / h with process g u~ > mu+ mu- d u~ d~ WEIGHTED<=7 / h 
INFO: Generating Helas calls for process: g d~ > mu+ mu- u u~ d~ WEIGHTED<=7 / h 
INFO: Processing color information for process: g d~ > mu+ mu- u u~ d~ / h 
INFO: Combined process g d~ > mu+ mu- c c~ d~ WEIGHTED<=7 / h with process g d~ > mu+ mu- u u~ d~ WEIGHTED<=7 / h 
INFO: Generating Helas calls for process: g d~ > mu+ mu- s d~ s~ WEIGHTED<=7 / h 
INFO: Reusing existing color information for process: g d~ > mu+ mu- s d~ s~ / h 
INFO: Combined process g d~ > mu+ mu- b d~ b~ WEIGHTED<=7 / h with process g d~ > mu+ mu- s d~ s~ WEIGHTED<=7 / h 
INFO: Combined process g s~ > mu+ mu- u u~ s~ WEIGHTED<=7 / h with process g d~ > mu+ mu- u u~ d~ WEIGHTED<=7 / h 
INFO: Combined process g s~ > mu+ mu- c c~ s~ WEIGHTED<=7 / h with process g d~ > mu+ mu- u u~ d~ WEIGHTED<=7 / h 
INFO: Combined process g s~ > mu+ mu- d s~ d~ WEIGHTED<=7 / h with process g d~ > mu+ mu- s d~ s~ WEIGHTED<=7 / h 
INFO: Combined process g s~ > mu+ mu- b s~ b~ WEIGHTED<=7 / h with process g d~ > mu+ mu- s d~ s~ WEIGHTED<=7 / h 
INFO: Combined process g b > mu+ mu- u b u~ WEIGHTED<=7 / h with process g d > mu+ mu- u d u~ WEIGHTED<=7 / h 
INFO: Combined process g b > mu+ mu- c b c~ WEIGHTED<=7 / h with process g d > mu+ mu- u d u~ WEIGHTED<=7 / h 
INFO: Combined process g b > mu+ mu- d~ b d WEIGHTED<=7 / h with process g d > mu+ mu- d s s~ WEIGHTED<=7 / h 
INFO: Combined process g b > mu+ mu- s~ b s WEIGHTED<=7 / h with process g d > mu+ mu- d s s~ WEIGHTED<=7 / h 
INFO: Combined process g b~ > mu+ mu- u u~ b~ WEIGHTED<=7 / h with process g d~ > mu+ mu- u u~ d~ WEIGHTED<=7 / h 
INFO: Combined process g b~ > mu+ mu- c c~ b~ WEIGHTED<=7 / h with process g d~ > mu+ mu- u u~ d~ WEIGHTED<=7 / h 
INFO: Combined process g b~ > mu+ mu- d b~ d~ WEIGHTED<=7 / h with process g d~ > mu+ mu- s d~ s~ WEIGHTED<=7 / h 
INFO: Combined process g b~ > mu+ mu- s b~ s~ WEIGHTED<=7 / h with process g d~ > mu+ mu- s d~ s~ WEIGHTED<=7 / h 
INFO: Generating Helas calls for process: u u > mu+ mu- g u u WEIGHTED<=7 / h 
INFO: Processing color information for process: u u > mu+ mu- g u u / h 
INFO: Generating Helas calls for process: u u~ > mu+ mu- g u u~ WEIGHTED<=7 / h 
INFO: Processing color information for process: u u~ > mu+ mu- g u u~ / h 
INFO: Combined process c c > mu+ mu- g c c WEIGHTED<=7 / h with process u u > mu+ mu- g u u WEIGHTED<=7 / h 
INFO: Combined process c c~ > mu+ mu- g c c~ WEIGHTED<=7 / h with process u u~ > mu+ mu- g u u~ WEIGHTED<=7 / h 
INFO: Generating Helas calls for process: d d > mu+ mu- g d d WEIGHTED<=7 / h 
INFO: Reusing existing color information for process: d d > mu+ mu- g d d / h 
INFO: Generating Helas calls for process: d d~ > mu+ mu- g d d~ WEIGHTED<=7 / h 
INFO: Reusing existing color information for process: d d~ > mu+ mu- g d d~ / h 
INFO: Combined process s s > mu+ mu- g s s WEIGHTED<=7 / h with process d d > mu+ mu- g d d WEIGHTED<=7 / h 
INFO: Combined process s s~ > mu+ mu- g s s~ WEIGHTED<=7 / h with process d d~ > mu+ mu- g d d~ WEIGHTED<=7 / h 
INFO: Generating Helas calls for process: u~ u~ > mu+ mu- g u~ u~ WEIGHTED<=7 / h 
INFO: Processing color information for process: u~ u~ > mu+ mu- g u~ u~ / h 
INFO: Combined process c~ c~ > mu+ mu- g c~ c~ WEIGHTED<=7 / h with process u~ u~ > mu+ mu- g u~ u~ WEIGHTED<=7 / h 
INFO: Generating Helas calls for process: d~ d~ > mu+ mu- g d~ d~ WEIGHTED<=7 / h 
INFO: Reusing existing color information for process: d~ d~ > mu+ mu- g d~ d~ / h 
INFO: Combined process s~ s~ > mu+ mu- g s~ s~ WEIGHTED<=7 / h with process d~ d~ > mu+ mu- g d~ d~ WEIGHTED<=7 / h 
INFO: Combined process b b > mu+ mu- g b b WEIGHTED<=7 / h with process d d > mu+ mu- g d d WEIGHTED<=7 / h 
INFO: Combined process b b~ > mu+ mu- g b b~ WEIGHTED<=7 / h with process d d~ > mu+ mu- g d d~ WEIGHTED<=7 / h 
INFO: Combined process b~ b~ > mu+ mu- g b~ b~ WEIGHTED<=7 / h with process d~ d~ > mu+ mu- g d~ d~ WEIGHTED<=7 / h 
INFO: Generating Helas calls for process: u c > mu+ mu- g u c WEIGHTED<=7 / h 
INFO: Processing color information for process: u c > mu+ mu- g u c / h 
INFO: Generating Helas calls for process: u d > mu+ mu- g u d WEIGHTED<=7 / h 
INFO: Reusing existing color information for process: u d > mu+ mu- g u d / h 
INFO: Combined process u s > mu+ mu- g u s WEIGHTED<=7 / h with process u d > mu+ mu- g u d WEIGHTED<=7 / h 
INFO: Generating Helas calls for process: u u~ > mu+ mu- g c c~ WEIGHTED<=7 / h 
INFO: Processing color information for process: u u~ > mu+ mu- g c c~ / h 
INFO: Generating Helas calls for process: u u~ > mu+ mu- g d d~ WEIGHTED<=7 / h 
INFO: Reusing existing color information for process: u u~ > mu+ mu- g d d~ / h 
INFO: Combined process u u~ > mu+ mu- g s s~ WEIGHTED<=7 / h with process u u~ > mu+ mu- g d d~ WEIGHTED<=7 / h 
INFO: Combined process u u~ > mu+ mu- g b b~ WEIGHTED<=7 / h with process u u~ > mu+ mu- g d d~ WEIGHTED<=7 / h 
INFO: Generating Helas calls for process: u c~ > mu+ mu- g u c~ WEIGHTED<=7 / h 
INFO: Processing color information for process: u c~ > mu+ mu- g u c~ / h 
INFO: Generating Helas calls for process: u d~ > mu+ mu- g u d~ WEIGHTED<=7 / h 
INFO: Reusing existing color information for process: u d~ > mu+ mu- g u d~ / h 
INFO: Combined process u s~ > mu+ mu- g u s~ WEIGHTED<=7 / h with process u d~ > mu+ mu- g u d~ WEIGHTED<=7 / h 
INFO: Combined process u b > mu+ mu- g u b WEIGHTED<=7 / h with process u d > mu+ mu- g u d WEIGHTED<=7 / h 
INFO: Combined process u b~ > mu+ mu- g u b~ WEIGHTED<=7 / h with process u d~ > mu+ mu- g u d~ WEIGHTED<=7 / h 
INFO: Combined process c d > mu+ mu- g c d WEIGHTED<=7 / h with process u d > mu+ mu- g u d WEIGHTED<=7 / h 
INFO: Combined process c s > mu+ mu- g c s WEIGHTED<=7 / h with process u d > mu+ mu- g u d WEIGHTED<=7 / h 
INFO: Combined process c u~ > mu+ mu- g c u~ WEIGHTED<=7 / h with process u c~ > mu+ mu- g u c~ WEIGHTED<=7 / h 
INFO: Combined process c c~ > mu+ mu- g u u~ WEIGHTED<=7 / h with process u u~ > mu+ mu- g c c~ WEIGHTED<=7 / h 
INFO: Combined process c c~ > mu+ mu- g d d~ WEIGHTED<=7 / h with process u u~ > mu+ mu- g d d~ WEIGHTED<=7 / h 
INFO: Combined process c c~ > mu+ mu- g s s~ WEIGHTED<=7 / h with process u u~ > mu+ mu- g d d~ WEIGHTED<=7 / h 
INFO: Combined process c c~ > mu+ mu- g b b~ WEIGHTED<=7 / h with process u u~ > mu+ mu- g d d~ WEIGHTED<=7 / h 
INFO: Combined process c d~ > mu+ mu- g c d~ WEIGHTED<=7 / h with process u d~ > mu+ mu- g u d~ WEIGHTED<=7 / h 
INFO: Combined process c s~ > mu+ mu- g c s~ WEIGHTED<=7 / h with process u d~ > mu+ mu- g u d~ WEIGHTED<=7 / h 
INFO: Combined process c b > mu+ mu- g c b WEIGHTED<=7 / h with process u d > mu+ mu- g u d WEIGHTED<=7 / h 
INFO: Combined process c b~ > mu+ mu- g c b~ WEIGHTED<=7 / h with process u d~ > mu+ mu- g u d~ WEIGHTED<=7 / h 
INFO: Generating Helas calls for process: d s > mu+ mu- g d s WEIGHTED<=7 / h 
INFO: Reusing existing color information for process: d s > mu+ mu- g d s / h 
INFO: Generating Helas calls for process: d u~ > mu+ mu- g d u~ WEIGHTED<=7 / h 
INFO: Processing color information for process: d u~ > mu+ mu- g d u~ / h 
INFO: Combined process d c~ > mu+ mu- g d c~ WEIGHTED<=7 / h with process d u~ > mu+ mu- g d u~ WEIGHTED<=7 / h 
INFO: Generating Helas calls for process: d d~ > mu+ mu- g u u~ WEIGHTED<=7 / h 
INFO: Processing color information for process: d d~ > mu+ mu- g u u~ / h 
INFO: Combined process d d~ > mu+ mu- g c c~ WEIGHTED<=7 / h with process d d~ > mu+ mu- g u u~ WEIGHTED<=7 / h 
INFO: Generating Helas calls for process: d d~ > mu+ mu- g s s~ WEIGHTED<=7 / h 
INFO: Reusing existing color information for process: d d~ > mu+ mu- g s s~ / h 
INFO: Combined process d d~ > mu+ mu- g b b~ WEIGHTED<=7 / h with process d d~ > mu+ mu- g s s~ WEIGHTED<=7 / h 
INFO: Generating Helas calls for process: d s~ > mu+ mu- g d s~ WEIGHTED<=7 / h 
INFO: Reusing existing color information for process: d s~ > mu+ mu- g d s~ / h 
INFO: Combined process d b > mu+ mu- g d b WEIGHTED<=7 / h with process d s > mu+ mu- g d s WEIGHTED<=7 / h 
INFO: Combined process d b~ > mu+ mu- g d b~ WEIGHTED<=7 / h with process d s~ > mu+ mu- g d s~ WEIGHTED<=7 / h 
INFO: Combined process s u~ > mu+ mu- g s u~ WEIGHTED<=7 / h with process d u~ > mu+ mu- g d u~ WEIGHTED<=7 / h 
INFO: Combined process s c~ > mu+ mu- g s c~ WEIGHTED<=7 / h with process d u~ > mu+ mu- g d u~ WEIGHTED<=7 / h 
INFO: Combined process s d~ > mu+ mu- g s d~ WEIGHTED<=7 / h with process d s~ > mu+ mu- g d s~ WEIGHTED<=7 / h 
INFO: Combined process s s~ > mu+ mu- g u u~ WEIGHTED<=7 / h with process d d~ > mu+ mu- g u u~ WEIGHTED<=7 / h 
INFO: Combined process s s~ > mu+ mu- g c c~ WEIGHTED<=7 / h with process d d~ > mu+ mu- g u u~ WEIGHTED<=7 / h 
INFO: Combined process s s~ > mu+ mu- g d d~ WEIGHTED<=7 / h with process d d~ > mu+ mu- g s s~ WEIGHTED<=7 / h 
INFO: Combined process s s~ > mu+ mu- g b b~ WEIGHTED<=7 / h with process d d~ > mu+ mu- g s s~ WEIGHTED<=7 / h 
INFO: Combined process s b > mu+ mu- g s b WEIGHTED<=7 / h with process d s > mu+ mu- g d s WEIGHTED<=7 / h 
INFO: Combined process s b~ > mu+ mu- g s b~ WEIGHTED<=7 / h with process d s~ > mu+ mu- g d s~ WEIGHTED<=7 / h 
INFO: Generating Helas calls for process: u~ c~ > mu+ mu- g u~ c~ WEIGHTED<=7 / h 
INFO: Processing color information for process: u~ c~ > mu+ mu- g u~ c~ / h 
INFO: Generating Helas calls for process: u~ d~ > mu+ mu- g u~ d~ WEIGHTED<=7 / h 
INFO: Reusing existing color information for process: u~ d~ > mu+ mu- g u~ d~ / h 
INFO: Combined process u~ s~ > mu+ mu- g u~ s~ WEIGHTED<=7 / h with process u~ d~ > mu+ mu- g u~ d~ WEIGHTED<=7 / h 
INFO: Generating Helas calls for process: u~ b > mu+ mu- g u~ b WEIGHTED<=7 / h 
INFO: Processing color information for process: u~ b > mu+ mu- g u~ b / h 
INFO: Combined process u~ b~ > mu+ mu- g u~ b~ WEIGHTED<=7 / h with process u~ d~ > mu+ mu- g u~ d~ WEIGHTED<=7 / h 
INFO: Combined process c~ d~ > mu+ mu- g c~ d~ WEIGHTED<=7 / h with process u~ d~ > mu+ mu- g u~ d~ WEIGHTED<=7 / h 
INFO: Combined process c~ s~ > mu+ mu- g c~ s~ WEIGHTED<=7 / h with process u~ d~ > mu+ mu- g u~ d~ WEIGHTED<=7 / h 
INFO: Combined process c~ b > mu+ mu- g c~ b WEIGHTED<=7 / h with process u~ b > mu+ mu- g u~ b WEIGHTED<=7 / h 
INFO: Combined process c~ b~ > mu+ mu- g c~ b~ WEIGHTED<=7 / h with process u~ d~ > mu+ mu- g u~ d~ WEIGHTED<=7 / h 
INFO: Generating Helas calls for process: d~ s~ > mu+ mu- g d~ s~ WEIGHTED<=7 / h 
INFO: Reusing existing color information for process: d~ s~ > mu+ mu- g d~ s~ / h 
INFO: Generating Helas calls for process: d~ b > mu+ mu- g d~ b WEIGHTED<=7 / h 
INFO: Reusing existing color information for process: d~ b > mu+ mu- g d~ b / h 
INFO: Combined process d~ b~ > mu+ mu- g d~ b~ WEIGHTED<=7 / h with process d~ s~ > mu+ mu- g d~ s~ WEIGHTED<=7 / h 
INFO: Combined process s~ b > mu+ mu- g s~ b WEIGHTED<=7 / h with process d~ b > mu+ mu- g d~ b WEIGHTED<=7 / h 
INFO: Combined process s~ b~ > mu+ mu- g s~ b~ WEIGHTED<=7 / h with process d~ s~ > mu+ mu- g d~ s~ WEIGHTED<=7 / h 
INFO: Combined process b b~ > mu+ mu- g u u~ WEIGHTED<=7 / h with process d d~ > mu+ mu- g u u~ WEIGHTED<=7 / h 
INFO: Combined process b b~ > mu+ mu- g c c~ WEIGHTED<=7 / h with process d d~ > mu+ mu- g u u~ WEIGHTED<=7 / h 
INFO: Combined process b b~ > mu+ mu- g d d~ WEIGHTED<=7 / h with process d d~ > mu+ mu- g s s~ WEIGHTED<=7 / h 
INFO: Combined process b b~ > mu+ mu- g s s~ WEIGHTED<=7 / h with process d d~ > mu+ mu- g s s~ WEIGHTED<=7 / h 
INFO: Creating files in directory P0_gg_llgqq 
INFO: Generating Feynman diagrams for Process: g g > mu+ mu- g u u~ WEIGHTED<=7 / h 
INFO: Generating Feynman diagrams for Process: g g > mu+ mu- g d d~ WEIGHTED<=7 / h 
INFO: Finding symmetric diagrams for subprocess group gg_llgqq 
INFO: Creating files in directory P0_gq_llggq 
INFO: Generating Feynman diagrams for Process: g u > mu+ mu- g g u WEIGHTED<=7 / h 
INFO: Generating Feynman diagrams for Process: g d > mu+ mu- g g d WEIGHTED<=7 / h 
INFO: Generating Feynman diagrams for Process: g u~ > mu+ mu- g g u~ WEIGHTED<=7 / h 
INFO: Generating Feynman diagrams for Process: g d~ > mu+ mu- g g d~ WEIGHTED<=7 / h 
INFO: Finding symmetric diagrams for subprocess group gq_llggq 
INFO: Creating files in directory P0_qq_llggg 
INFO: Generating Feynman diagrams for Process: u u~ > mu+ mu- g g g WEIGHTED<=7 / h 
INFO: Generating Feynman diagrams for Process: d d~ > mu+ mu- g g g WEIGHTED<=7 / h 
INFO: Finding symmetric diagrams for subprocess group qq_llggg 
INFO: Creating files in directory P0_gq_llqqq 
INFO: Generating Feynman diagrams for Process: g u > mu+ mu- u u u~ WEIGHTED<=7 / h 
INFO: Generating Feynman diagrams for Process: g d > mu+ mu- d d d~ WEIGHTED<=7 / h 
INFO: Generating Feynman diagrams for Process: g u~ > mu+ mu- u u~ u~ WEIGHTED<=7 / h 
INFO: Generating Feynman diagrams for Process: g d~ > mu+ mu- d d~ d~ WEIGHTED<=7 / h 
INFO: Generating Feynman diagrams for Process: g u > mu+ mu- u c c~ WEIGHTED<=7 / h 
INFO: Generating Feynman diagrams for Process: g u > mu+ mu- u d d~ WEIGHTED<=7 / h 
INFO: Generating Feynman diagrams for Process: g d > mu+ mu- u d u~ WEIGHTED<=7 / h 
INFO: Generating Feynman diagrams for Process: g d > mu+ mu- d s s~ WEIGHTED<=7 / h 
INFO: Generating Feynman diagrams for Process: g u~ > mu+ mu- c u~ c~ WEIGHTED<=7 / h 
INFO: Generating Feynman diagrams for Process: g u~ > mu+ mu- d u~ d~ WEIGHTED<=7 / h 
INFO: Generating Feynman diagrams for Process: g d~ > mu+ mu- u u~ d~ WEIGHTED<=7 / h 
INFO: Generating Feynman diagrams for Process: g d~ > mu+ mu- s d~ s~ WEIGHTED<=7 / h 
INFO: Finding symmetric diagrams for subprocess group gq_llqqq 
INFO: Creating files in directory P0_qq_llgqq 
INFO: Generating Feynman diagrams for Process: u u > mu+ mu- g u u WEIGHTED<=7 / h 
INFO: Generating Feynman diagrams for Process: u u~ > mu+ mu- g u u~ WEIGHTED<=7 / h 
INFO: Generating Feynman diagrams for Process: d d > mu+ mu- g d d WEIGHTED<=7 / h 
INFO: Generating Feynman diagrams for Process: d d~ > mu+ mu- g d d~ WEIGHTED<=7 / h 
INFO: Generating Feynman diagrams for Process: u~ u~ > mu+ mu- g u~ u~ WEIGHTED<=7 / h 
INFO: Generating Feynman diagrams for Process: d~ d~ > mu+ mu- g d~ d~ WEIGHTED<=7 / h 
INFO: Generating Feynman diagrams for Process: u c > mu+ mu- g u c WEIGHTED<=7 / h 
INFO: Generating Feynman diagrams for Process: u d > mu+ mu- g u d WEIGHTED<=7 / h 
INFO: Generating Feynman diagrams for Process: u u~ > mu+ mu- g c c~ WEIGHTED<=7 / h 
INFO: Generating Feynman diagrams for Process: u u~ > mu+ mu- g d d~ WEIGHTED<=7 / h 
INFO: Generating Feynman diagrams for Process: u c~ > mu+ mu- g u c~ WEIGHTED<=7 / h 
INFO: Generating Feynman diagrams for Process: u d~ > mu+ mu- g u d~ WEIGHTED<=7 / h 
INFO: Generating Feynman diagrams for Process: d s > mu+ mu- g d s WEIGHTED<=7 / h 
INFO: Generating Feynman diagrams for Process: d u~ > mu+ mu- g d u~ WEIGHTED<=7 / h 
INFO: Generating Feynman diagrams for Process: d d~ > mu+ mu- g u u~ WEIGHTED<=7 / h 
INFO: Generating Feynman diagrams for Process: d d~ > mu+ mu- g s s~ WEIGHTED<=7 / h 
INFO: Generating Feynman diagrams for Process: d s~ > mu+ mu- g d s~ WEIGHTED<=7 / h 
INFO: Generating Feynman diagrams for Process: u~ c~ > mu+ mu- g u~ c~ WEIGHTED<=7 / h 
INFO: Generating Feynman diagrams for Process: u~ d~ > mu+ mu- g u~ d~ WEIGHTED<=7 / h 
INFO: Generating Feynman diagrams for Process: u~ b > mu+ mu- g u~ b WEIGHTED<=7 / h 
INFO: Generating Feynman diagrams for Process: d~ s~ > mu+ mu- g d~ s~ WEIGHTED<=7 / h 
INFO: Generating Feynman diagrams for Process: d~ b > mu+ mu- g d~ b WEIGHTED<=7 / h 
INFO: Finding symmetric diagrams for subprocess group qq_llgqq 
Generated helas calls for 42 subprocesses (2912 diagrams) in 10.770 s
Wrote files for 5162 helas calls in 8.608 s
ALOHA: aloha creates VVV1 set of routines with options: P0
ALOHA: aloha creates FFV2 routines
ALOHA: aloha creates FFV3 routines
ALOHA: aloha creates FFV1 routines
ALOHA: aloha creates FFV4 routines
ALOHA: aloha creates FFV5 routines
save configuration file to /mnt/hephy/pheno/gerhard/jetcheck_3j/Cards/me5_configuration.txt
INFO: Use Fortran compiler gfortran 
INFO: Use c++ compiler g++ 
INFO: Generate jpeg diagrams 
INFO: Generate web pages 
INFO: Generating MadAnalysis5 default cards tailored to this process 
INFO: Cards created in 2.47s 
Output to directory /mnt/hephy/pheno/gerhard/jetcheck_3j done.
Type "launch" to generate events from this process, or see
/mnt/hephy/pheno/gerhard/jetcheck_3j/README
Run "open index.html" to see more information about this process.
done
[1;34mCommand "done" not recognized, please try again[0m
launch -i
************************************************************
*                                                          *
*                      W E L C O M E to                    *
*             M A D G R A P H 5 _ a M C @ N L O            *
*                      M A D E V E N T                     *
*                                                          *
*                 *                       *                *
*                   *        * *        *                  *
*                     * * * * 5 * * * *                    *
*                   *        * *        *                  *
*                 *                       *                *
*                                                          *
*         VERSION 2.6.7                 2019-10-16         *
*                                                          *
*    The MadGraph5_aMC@NLO Development Team - Find us at   *
*    https://server06.fynu.ucl.ac.be/projects/madgraph     *
*                                                          *
*               Type 'help' for in-line help.              *
*                                                          *
************************************************************
INFO: load configuration from /mnt/hephy/pheno/gerhard/jetcheck_3j/Cards/me5_configuration.txt  
INFO: load configuration from /users/gerhard.ungersbaeck/MG5_aMC_v2_6_7/input/mg5_configuration.txt  
INFO: load configuration from /mnt/hephy/pheno/gerhard/jetcheck_3j/Cards/me5_configuration.txt  
Using default text editor "vi". Set another one in ./input/mg5_configuration.txt
generate_events
stty: 'standard input': Inappropriate ioctl for device
stty: 'standard input': Inappropriate ioctl for device
The following switches determine which programs are run:
/==============================================================================\
| 1. Choose the shower/hadronization program   [1m  shower[0m = [31mOFF[0m                  |
| 2. Choose the detector simulation program    [1mdetector[0m = [31mOFF[0m                  |
| 3. Choose an analysis package (plot/convert) [1manalysis[0m = [32mMadAnalysis5[0m         |
| 4. Decay onshell particles                   [1m madspin[0m = [31mOFF[0m                  |
| 5. Add weights to events for new hypp.       [1mreweight[0m = [31mOFF[0m                  |
\==============================================================================/
Either type the switch number (1 to 5) to change its setting,
Set any switch explicitly (e.g. type 'shower=Pythia8' at the prompt)
Type 'help' for the list of all valid option
Type '0', 'auto', 'done' or just press enter when you are done.
The following switches determine which programs are run:
/==============================================================================\
| 1. Choose the shower/hadronization program   [1m  shower[0m = [32mPythia8[0m              |
| 2. Choose the detector simulation program    [1mdetector[0m = [31mOFF[0m                  |
| 3. Choose an analysis package (plot/convert) [1manalysis[0m = [32mMadAnalysis5[0m         |
| 4. Decay onshell particles                   [1m madspin[0m = [31mOFF[0m                  |
| 5. Add weights to events for new hypp.       [1mreweight[0m = [31mOFF[0m                  |
\==============================================================================/
Either type the switch number (1 to 5) to change its setting,
Set any switch explicitly (e.g. type 'shower=OFF' at the prompt)
Type 'help' for the list of all valid option
Type '0', 'auto', 'done' or just press enter when you are done.
set nevents 10000
[1mINFO: modify parameter nevents of the run_card.dat to 10000 [0m
set ebeam1 6500
[1mINFO: modify parameter ebeam1 of the run_card.dat to 6500.0 [0m
set ebeam2 6500
[1mINFO: modify parameter ebeam2 of the run_card.dat to 6500.0 [0m
INFO: Update the dependent parameter of the param_card.dat 
Generating 10000 events with run name run_01
survey  run_01 
INFO: compile directory 
compile Source Directory
Error: no DISPLAY environment variable specified
Using random number seed offset = 21
INFO: Running Survey 
Creating Jobs
Working on SubProcesses
INFO:     P0_gg_llgqq  
INFO:     P0_gq_llggq  
INFO:     P0_qq_llggg  
INFO:     P0_gq_llqqq  
INFO:     P0_qq_llgqq  
INFO:  Idle: 1,  Running: 72,  Completed: 51 [ current time: 16h51 ] 
INFO:  Idle: 0,  Running: 73,  Completed: 51 [  0.043s  ] 
INFO:  Idle: 0,  Running: 61,  Completed: 63 [  3.2s  ] 
INFO:  Idle: 0,  Running: 59,  Completed: 65 [  6.6s  ] 
INFO:  Idle: 0,  Running: 54,  Completed: 70 [  9.8s  ] 
INFO:  Idle: 0,  Running: 37,  Completed: 87 [  12.9s  ] 
INFO:  Idle: 0,  Running: 23,  Completed: 101 [  15.9s  ] 
INFO:  Idle: 0,  Running: 14,  Completed: 110 [  19.1s  ] 
INFO:  Idle: 0,  Running: 7,  Completed: 117 [  22.7s  ] 
INFO:  Idle: 0,  Running: 5,  Completed: 119 [  27.1s  ] 
INFO:  Idle: 0,  Running: 1,  Completed: 123 [  30.3s  ] 
INFO:  Idle: 0,  Running: 0,  Completed: 124 [  34.1s  ] 
INFO:  Idle: 0,  Running: 0,  Completed: 124 [  34.1s  ] 
INFO: End survey 
refine 10000
Creating Jobs
INFO: Refine results to 10000 
INFO: Generating 10000.0 unweigthed events. 
INFO: Effective Luminosity 265.150399915 pb^-1 
INFO: need to improve 60 channels 
Current estimate of cross-section: 45.257333211 +- 0.349707152075
    P0_gg_llgqq 
    P0_gq_llggq 
    P0_qq_llggg 
    P0_gq_llqqq 
    P0_qq_llgqq 
INFO:  Idle: 1,  Running: 55,  Completed: 4 [ current time: 16h52 ] 
INFO:  Idle: 0,  Running: 55,  Completed: 5 [  7.5s  ] 
INFO:  Idle: 0,  Running: 52,  Completed: 8 [  10.8s  ] 
INFO:  Idle: 0,  Running: 43,  Completed: 17 [  18s  ] 
INFO:  Idle: 0,  Running: 39,  Completed: 21 [  21.1s  ] 
INFO:  Idle: 0,  Running: 32,  Completed: 28 [  24.2s  ] 
INFO:  Idle: 0,  Running: 25,  Completed: 35 [  28.2s  ] 
INFO:  Idle: 0,  Running: 24,  Completed: 36 [  31.5s  ] 
INFO:  Idle: 0,  Running: 20,  Completed: 40 [  37.3s  ] 
INFO:  Idle: 0,  Running: 17,  Completed: 43 [  40.8s  ] 
INFO:  Idle: 0,  Running: 14,  Completed: 46 [  44.3s  ] 
INFO:  Idle: 0,  Running: 11,  Completed: 49 [  49.5s  ] 
INFO:  Idle: 0,  Running: 10,  Completed: 50 [  52.8s  ] 
INFO:  Idle: 0,  Running: 9,  Completed: 51 [  57.3s  ] 
INFO:  Idle: 0,  Running: 7,  Completed: 53 [  1m 20s  ] 
INFO:  Idle: 0,  Running: 6,  Completed: 54 [  1m 37s  ] 
INFO:  Idle: 0,  Running: 5,  Completed: 55 [  1m 47s  ] 
INFO:  Idle: 0,  Running: 4,  Completed: 56 [  1m 50s  ] 
INFO:  Idle: 0,  Running: 3,  Completed: 57 [  2m 2s  ] 
INFO:  Idle: 0,  Running: 2,  Completed: 58 [  2m 26s  ] 
INFO:  Idle: 0,  Running: 0,  Completed: 60 [  4m 47s  ] 
INFO:  Idle: 0,  Running: 0,  Completed: 60 [  4m 47s  ] 
INFO: Combining runs 
INFO: finish refine 
refine 10000
Creating Jobs
INFO: Refine results to 10000 
INFO: Generating 10000.0 unweigthed events. 
INFO: Effective Luminosity 260.85451952 pb^-1 
INFO: need to improve 0 channels 
Current estimate of cross-section: 46.002653211 +- 0.117422547107
    P0_gg_llgqq 
    P0_gq_llggq 
    P0_qq_llggg 
    P0_gq_llqqq 
    P0_qq_llgqq 
INFO:  Idle: 0,  Running: 0,  Completed: 0 [ current time: 16h57 ] 
INFO: Combining runs 
INFO: finish refine 
INFO: Combining Events 
  === Results Summary for run: run_01 tag: tag_1 ===

     Cross-section :   46 +- 0.1174 pb
     Nb of events :  10000
 
INFO: Running Systematics computation 
INFO:  Idle: 0,  Running: 4,  Completed: 0 [ current time: 16h57 ] 
INFO:  Idle: 0,  Running: 3,  Completed: 1 [  17.5s  ] 
INFO: # events generated with PDF: NNPDF23_lo_as_0130_qed (247000) 
INFO: #Will Compute 145 weights per event. 
INFO: #***************************************************************************
#
# original cross-section: 45.9888577222
#     scale variation: +39.3% -25.9%
#     central scheme variation: +4.32% -39.7%
# PDF variation: +1.14% -1.14%
#
# dynamical scheme # 1 : 35.4529 +35.3% -24% # \sum ET
# dynamical scheme # 2 : 35.4529 +35.3% -24% # \sum\sqrt{m^2+pt^2}
# dynamical scheme # 3 : 47.9762 +39.8% -26.1% # 0.5 \sum\sqrt{m^2+pt^2}
# dynamical scheme # 4 : 27.7125 +31.6% -22.6% # \sqrt{\hat s}
#***************************************************************************
 
INFO: End of systematics computation 
store_events
INFO: Storing parton level results 
INFO: End Parton 
reweight -from_cards
decay_events -from_cards
INFO: [92mRunning MadAnalysis5 [arXiv:1206.1599][0m 
INFO: Parton input file considered: 
INFO:   --> /mnt/hephy/pheno/gerhard/jetcheck_3j/Events/run_01/unweighted_events.lhe.gz 
[1;32mINFO: MadAnalysis5 now running the 'analysis1' analysis... [0m
INFO: Follow Madanalysis5 run with the following command in a separate terminal: 
INFO:   tail -f /mnt/hephy/pheno/gerhard/jetcheck_3j/Events/run_01/tag_1_MA5_analysis1.log 
INFO: MadAnalysis5 successfully completed the analysis 'analysis1'. Reported results are placed in: 
INFO:   --> /mnt/hephy/pheno/gerhard/jetcheck_3j/Events/run_01/tag_1_MA5_parton_analysis_analysis1.pdf 
INFO: Finished MA5 analyses. 
INFO: [92mRunning Pythia8 [arXiv:1410.3012][0m 
Splitting .lhe event file for PY8 parallelization...
Submitting Pythia8 jobs...
Pythia8 shower jobs: 1 Idle, 75 Running, 0 Done [20 seconds]
Pythia8 shower jobs: 0 Idle, 75 Running, 1 Done [52 seconds]
Pythia8 shower jobs: 0 Idle, 74 Running, 2 Done [53 seconds]
Pythia8 shower jobs: 0 Idle, 73 Running, 3 Done [54 seconds]
Pythia8 shower jobs: 0 Idle, 72 Running, 4 Done [54 seconds]
Pythia8 shower jobs: 0 Idle, 71 Running, 5 Done [54 seconds]
Pythia8 shower jobs: 0 Idle, 70 Running, 6 Done [54 seconds]
Pythia8 shower jobs: 0 Idle, 68 Running, 8 Done [55 seconds]
Pythia8 shower jobs: 0 Idle, 67 Running, 9 Done [55 seconds]
Pythia8 shower jobs: 0 Idle, 66 Running, 10 Done [55 seconds]
Pythia8 shower jobs: 0 Idle, 64 Running, 12 Done [55 seconds]
Pythia8 shower jobs: 0 Idle, 63 Running, 13 Done [56 seconds]
Pythia8 shower jobs: 0 Idle, 62 Running, 14 Done [56 seconds]
Pythia8 shower jobs: 0 Idle, 61 Running, 15 Done [56 seconds]
Pythia8 shower jobs: 0 Idle, 60 Running, 16 Done [56 seconds]
Pythia8 shower jobs: 0 Idle, 59 Running, 17 Done [56 seconds]
Pythia8 shower jobs: 0 Idle, 58 Running, 18 Done [56 seconds]
Pythia8 shower jobs: 0 Idle, 57 Running, 19 Done [57 seconds]
Pythia8 shower jobs: 0 Idle, 56 Running, 20 Done [57 seconds]
Pythia8 shower jobs: 0 Idle, 55 Running, 21 Done [57 seconds]
Pythia8 shower jobs: 0 Idle, 54 Running, 22 Done [57 seconds]
Pythia8 shower jobs: 0 Idle, 53 Running, 23 Done [57 seconds]
Pythia8 shower jobs: 0 Idle, 52 Running, 24 Done [58 seconds]
Pythia8 shower jobs: 0 Idle, 51 Running, 25 Done [58 seconds]
Pythia8 shower jobs: 0 Idle, 50 Running, 26 Done [58 seconds]
Pythia8 shower jobs: 0 Idle, 49 Running, 27 Done [58 seconds]
Pythia8 shower jobs: 0 Idle, 48 Running, 28 Done [58 seconds]
Pythia8 shower jobs: 0 Idle, 47 Running, 29 Done [58 seconds]
Pythia8 shower jobs: 0 Idle, 46 Running, 30 Done [59 seconds]
Pythia8 shower jobs: 0 Idle, 45 Running, 31 Done [59 seconds]
Pythia8 shower jobs: 0 Idle, 43 Running, 33 Done [59 seconds]
Pythia8 shower jobs: 0 Idle, 42 Running, 34 Done [59 seconds]
Pythia8 shower jobs: 0 Idle, 40 Running, 36 Done [59 seconds]
Pythia8 shower jobs: 0 Idle, 39 Running, 37 Done [59 seconds]
Pythia8 shower jobs: 0 Idle, 38 Running, 38 Done [1m00s]
Pythia8 shower jobs: 0 Idle, 37 Running, 39 Done [1m00s]
Pythia8 shower jobs: 0 Idle, 36 Running, 40 Done [1m00s]
Pythia8 shower jobs: 0 Idle, 35 Running, 41 Done [1m00s]
Pythia8 shower jobs: 0 Idle, 34 Running, 42 Done [1m00s]
Pythia8 shower jobs: 0 Idle, 33 Running, 43 Done [1m00s]
Pythia8 shower jobs: 0 Idle, 32 Running, 44 Done [1m00s]
Pythia8 shower jobs: 0 Idle, 31 Running, 45 Done [1m00s]
Pythia8 shower jobs: 0 Idle, 30 Running, 46 Done [1m01s]
Pythia8 shower jobs: 0 Idle, 29 Running, 47 Done [1m01s]
Pythia8 shower jobs: 0 Idle, 28 Running, 48 Done [1m01s]
Pythia8 shower jobs: 0 Idle, 27 Running, 49 Done [1m01s]
Pythia8 shower jobs: 0 Idle, 26 Running, 50 Done [1m02s]
Pythia8 shower jobs: 0 Idle, 25 Running, 51 Done [1m02s]
Pythia8 shower jobs: 0 Idle, 24 Running, 52 Done [1m02s]
Pythia8 shower jobs: 0 Idle, 23 Running, 53 Done [1m02s]
Pythia8 shower jobs: 0 Idle, 21 Running, 55 Done [1m03s]
Pythia8 shower jobs: 0 Idle, 20 Running, 56 Done [1m03s]
Pythia8 shower jobs: 0 Idle, 19 Running, 57 Done [1m03s]
Pythia8 shower jobs: 0 Idle, 18 Running, 58 Done [1m03s]
Pythia8 shower jobs: 0 Idle, 17 Running, 59 Done [1m03s]
Pythia8 shower jobs: 0 Idle, 16 Running, 60 Done [1m03s]
Pythia8 shower jobs: 0 Idle, 15 Running, 61 Done [1m04s]
Pythia8 shower jobs: 0 Idle, 14 Running, 62 Done [1m04s]
Pythia8 shower jobs: 0 Idle, 13 Running, 63 Done [1m04s]
Pythia8 shower jobs: 0 Idle, 12 Running, 64 Done [1m04s]
Pythia8 shower jobs: 0 Idle, 11 Running, 65 Done [1m04s]
Pythia8 shower jobs: 0 Idle, 10 Running, 66 Done [1m05s]
Pythia8 shower jobs: 0 Idle, 9 Running, 67 Done [1m05s]
Pythia8 shower jobs: 0 Idle, 8 Running, 68 Done [1m05s]
Pythia8 shower jobs: 0 Idle, 7 Running, 69 Done [1m05s]
Pythia8 shower jobs: 0 Idle, 6 Running, 70 Done [1m06s]
Pythia8 shower jobs: 0 Idle, 5 Running, 71 Done [1m06s]
Pythia8 shower jobs: 0 Idle, 4 Running, 72 Done [1m07s]
Pythia8 shower jobs: 0 Idle, 2 Running, 74 Done [1m08s]
Pythia8 shower jobs: 0 Idle, 1 Running, 75 Done [1m08s]
Pythia8 shower jobs: 0 Idle, 0 Running, 76 Done [1m08s]
Merging results from the split PY8 runs...
[1;34mWARNING: Install gnuplot to be able to view the plots generated at :
    [0m
INFO: Pythia8 shower finished after 2m42s. 
INFO: No delphes_card detected, so not run Delphes 
  === Results Summary for run: run_01 tag: tag_1 ===

     Cross-section :   46 +- 0.1174 pb
     Nb of events :  10000
 
INFO: storing files of previous run 
INFO: Storing Pythia8 files of previous run 
INFO: Done 
INFO: [92mRunning MadAnalysis5 [arXiv:1206.1599][0m 
INFO: Hadron input files considered: 
INFO:   --> /mnt/hephy/pheno/gerhard/jetcheck_3j/Events/run_01/tag_1_pythia8_events.hepmc.gz 
[1;32mINFO: MadAnalysis5 now running the reconstruction 'BasicReco'... [0m
INFO: Follow Madanalysis5 run with the following command in a separate terminal: 
INFO:   tail -f /mnt/hephy/pheno/gerhard/jetcheck_3j/Events/run_01/tag_1_MA5__reco_BasicReco.log 
INFO: MadAnalysis5 successfully completed the reconstruction 'BasicReco'. Links to the reconstructed event files are: 
INFO:   --> /mnt/hephy/pheno/gerhard/jetcheck_3j/Events/run_01/tag_1_pythia8_BasicReco.lhe.gz 
[1;32mINFO: MadAnalysis5 now running the 'analysis2_BasicReco' analysis... [0m
INFO: Follow Madanalysis5 run with the following command in a separate terminal: 
INFO:   tail -f /mnt/hephy/pheno/gerhard/jetcheck_3j/Events/run_01/tag_1_MA5_analysis2_BasicReco.log 
INFO: MadAnalysis5 successfully completed the analysis 'analysis2_BasicReco'. Reported results are placed in: 
INFO:   --> /mnt/hephy/pheno/gerhard/jetcheck_3j/Events/run_01/tag_1_MA5_hadron_analysis_analysis2_BasicReco.pdf 
INFO: Finished MA5 analyses. 
quit
INFO:  
quit
