************************************************************
*                                                          *
*                      W E L C O M E to                    *
*             M A D G R A P H 5 _ a M C @ N L O            *
*                      M A D E V E N T                     *
*                                                          *
*                 *                       *                *
*                   *        * *        *                  *
*                     * * * * 5 * * * *                    *
*                   *        * *        *                  *
*                 *                       *                *
*                                                          *
*         VERSION 2.6.7                 20xx-xx-xx         *
*                                                          *
*    The MadGraph5_aMC@NLO Development Team - Find us at   *
*    https://server06.fynu.ucl.ac.be/projects/madgraph     *
*                                                          *
*               Type 'help' for in-line help.              *
*                                                          *
************************************************************
INFO: load configuration from /mnt/hephy/pheno/gerhard/Madresults/singularity/firsttry/Cards/me5_configuration.txt  
INFO: load configuration from /users/gerhard.ungersbaeck/MG5_aMC_v2_6_7/input/mg5_configuration.txt  
INFO: load configuration from /mnt/hephy/pheno/gerhard/Madresults/singularity/firsttry/Cards/me5_configuration.txt  
Using default text editor "vi". Set another one in ./input/mg5_configuration.txt
Using default eps viewer "evince". Set another one in ./input/mg5_configuration.txt
Using default web browser "firefox". Set another one in ./input/mg5_configuration.txt
import command tmpcmd
multi_run 1 SM_lo
[1;34m'multi_run 1' command is not optimal. Think of using generate_events instead[0m
set nevents 99
[1mINFO: modify parameter nevents of the run_card.dat to 99 [0m
set mmll 50
[1mINFO: modify parameter mmll of the run_card.dat to 50.0 [0m
set mmllmax 500
[1mINFO: modify parameter mmllmax of the run_card.dat to 500.0 [0m
Do you want to edit a card (press enter to bypass editing)?
/------------------------------------------------------------\
|  [31m1[0m. param               : [32mparam_card.dat[0m                   |
|  [31m2[0m. run                 : [32mrun_card.dat[0m                     |
|  [31m3[0m. madanalysis5_parton : [32mmadanalysis5_parton_card.dat[0m     |
\------------------------------------------------------------/
 you can also
   - enter the path to a valid card or banner.
   - use the 'set' command to modify a parameter directly.
     The set option works only for param_card and run_card.
     Type 'help set' for more information on this command.
   - call an external program (ASperGE/MadWidth/...).
     Type 'help' for the list of available command
 [[4m0[0m, done, 1, param, 2, run, 3, madanalysis5_parton, enter path]
[1mThe answer to the previous question is not set in your input file[0m
[1mUse 0 value[0m
INFO: Update the dependent parameter of the param_card.dat 
generate_events SM_lo_0 -f
Generating 99 events with run name SM_lo_0
survey  SM_lo_0 
INFO: compile directory 
compile Source Directory
Using random number seed offset = 78
INFO: Running Survey 
Creating Jobs
Working on SubProcesses
INFO:     P1_qq_ll  
INFO:  Idle: 1,  Running: 0,  Completed: 0 [ current time: 15h14 ] 
INFO:  Idle: 0,  Running: 0,  Completed: 1 [  0.77s  ] 
INFO:  Idle: 0,  Running: 0,  Completed: 1 [  0.78s  ] 
INFO: End survey 
refine 99
Creating Jobs
INFO: Refine results to 99 
INFO: Generating 99.0 unweigthed events. 
INFO: Effective Luminosity 0.178354962651 pb^-1 
INFO: need to improve 0 channels 
Current estimate of cross-section: 661.602 +- 5.75804534217
    P1_qq_ll 
INFO:  Idle: 0,  Running: 0,  Completed: 0 [ current time: 15h14 ] 
INFO: Combining runs 
INFO: finish refine 
refine 99
Creating Jobs
INFO: Refine results to 99 
INFO: Generating 99.0 unweigthed events. 
INFO: Effective Luminosity 0.178354962651 pb^-1 
INFO: need to improve 0 channels 
Current estimate of cross-section: 661.602 +- 5.75804534217
    P1_qq_ll 
INFO:  Idle: 0,  Running: 0,  Completed: 0 [ current time: 15h14 ] 
INFO: Combining runs 
INFO: finish refine 
INFO: Combining Events 
  === Results Summary for run: SM_lo_0 tag: tag_4 ===

     Cross-section :   661.6 +- 5.758 pb
     Nb of events :  99
 
INFO: Running Systematics computation 
INFO: # events generated with PDF: NNPDF23_lo_as_0130_qed (247000) 
INFO: #Will Compute 145 weights per event. 
INFO: # currently at event 0 [elapsed time: 0.032 s] 
INFO: #***************************************************************************
#
# original cross-section: 661.602
#     scale variation: +12.3% -13.2%
#     central scheme variation: + 0% -16.5%
# PDF variation: +3.08% -3.08%
#
# dynamical scheme # 1 : 640.763 +13% -13.8% # \sum ET
# dynamical scheme # 2 : 640.763 +13% -13.8% # \sum\sqrt{m^2+pt^2}
# dynamical scheme # 3 : 552.398 +16% -16.7% # 0.5 \sum\sqrt{m^2+pt^2}
# dynamical scheme # 4 : 661.602 +12.3% -13.2% # \sqrt{\hat s}
#***************************************************************************
 
INFO: End of systematics computation 
store_events
INFO: Storing parton level results 
INFO: End Parton 
reweight -from_cards
decay_events -from_cards
INFO: [92mRunning MadAnalysis5 [arXiv:1206.1599][0m 
INFO: Parton input file considered: 
INFO:   --> /mnt/hephy/pheno/gerhard/Madresults/singularity/firsttry/Events/SM_lo_0/unweighted_events.lhe.gz 
[1;32mINFO: MadAnalysis5 now running the 'analysis1' analysis... [0m
INFO: Follow Madanalysis5 run with the following command in a separate terminal: 
INFO:   tail -f /mnt/hephy/pheno/gerhard/Madresults/singularity/firsttry/Events/SM_lo_0/tag_4_MA5_analysis1.log 
INFO: MadAnalysis5 successfully completed the analysis 'analysis1'. Reported results are placed in: 
INFO:   --> /mnt/hephy/pheno/gerhard/Madresults/singularity/firsttry/Events/SM_lo_0/tag_4_MA5_parton_analysis_analysis1.pdf 
INFO: Finished MA5 analyses. 
INFO: storing files of previous run 
INFO: Done 
INFO: Merging LHE files 
Input file: /mnt/hephy/pheno/gerhard/Madresults/singularity/firsttry/Events/SM_lo_0/unweighted_events.lhe.gz
 No. Events = 99, Cross-section = 661.602, LHE version = 3.0	
 xsecup = 6.616020e+02, xerrup = 5.758045e+00
 xmaxup = 6.616020e+02, lprup = 1


Banner file: /mnt/hephy/pheno/gerhard/Madresults/singularity/firsttry/Events/SM_lo_banner.txt
Output file: /mnt/hephy/pheno/gerhard/Madresults/singularity/firsttry/Events/SM_lo/unweighted_events.lhe.gz
 No. Events = 99, Cross-section = 6.61602E+02
 xsecup = 6.68285E+02, xerrup = 5.75810E+00
 xmaxup = 6.616020e+02, lprup = 1

 Unit weight = 6.68285E+00
Wrote 99 events
INFO:  
  === Results Summary for run: SM_lo tag: tag_2 ===

     Cross-section :   661.6 +- 5.758 pb
     Nb of events :  99
 
quit
INFO:  
launch in debug mode
************************************************************
*                                                          *
*                      W E L C O M E to                    *
*             M A D G R A P H 5 _ a M C @ N L O            *
*                      M A D E V E N T                     *
*                                                          *
*                 *                       *                *
*                   *        * *        *                  *
*                     * * * * 5 * * * *                    *
*                   *        * *        *                  *
*                 *                       *                *
*                                                          *
*         VERSION 2.6.7                 20xx-xx-xx         *
*                                                          *
*    The MadGraph5_aMC@NLO Development Team - Find us at   *
*    https://server06.fynu.ucl.ac.be/projects/madgraph     *
*                                                          *
*               Type 'help' for in-line help.              *
*                                                          *
************************************************************
INFO: load configuration from /mnt/hephy/pheno/gerhard/Madresults/singularity/firsttry/Cards/me5_configuration.txt  
INFO: load configuration from /users/gerhard.ungersbaeck/MG5_aMC_v2_6_7/input/mg5_configuration.txt  
INFO: load configuration from /mnt/hephy/pheno/gerhard/Madresults/singularity/firsttry/Cards/me5_configuration.txt  
Using default text editor "vi". Set another one in ./input/mg5_configuration.txt
Using default eps viewer "evince". Set another one in ./input/mg5_configuration.txt
Using default web browser "firefox". Set another one in ./input/mg5_configuration.txt
import command tmpcmd
multi_run 1 SM_hi
[1;34m'multi_run 1' command is not optimal. Think of using generate_events instead[0m
set nevents 99
[1mINFO: modify parameter nevents of the run_card.dat to 99 [0m
set mmll 50
[1mINFO: modify parameter mmll of the run_card.dat to 50.0 [0m
set mmllmax 500
[1mINFO: modify parameter mmllmax of the run_card.dat to 500.0 [0m
Do you want to edit a card (press enter to bypass editing)?
/------------------------------------------------------------\
|  [31m1[0m. param               : [32mparam_card.dat[0m                   |
|  [31m2[0m. run                 : [32mrun_card.dat[0m                     |
|  [31m3[0m. madanalysis5_parton : [32mmadanalysis5_parton_card.dat[0m     |
\------------------------------------------------------------/
 you can also
   - enter the path to a valid card or banner.
   - use the 'set' command to modify a parameter directly.
     The set option works only for param_card and run_card.
     Type 'help set' for more information on this command.
   - call an external program (ASperGE/MadWidth/...).
     Type 'help' for the list of available command
 [[4m0[0m, done, 1, param, 2, run, 3, madanalysis5_parton, enter path]
[1mThe answer to the previous question is not set in your input file[0m
[1mUse 0 value[0m
INFO: Update the dependent parameter of the param_card.dat 
generate_events SM_hi_0 -f
Generating 99 events with run name SM_hi_0
survey  SM_hi_0 
INFO: compile directory 
compile Source Directory
Using random number seed offset = 87
INFO: Running Survey 
Creating Jobs
Working on SubProcesses
INFO:     P1_qq_ll  
INFO:  Idle: 1,  Running: 0,  Completed: 0 [ current time: 15h14 ] 
INFO:  Idle: 0,  Running: 0,  Completed: 1 [  0.72s  ] 
INFO:  Idle: 0,  Running: 0,  Completed: 1 [  0.73s  ] 
INFO: End survey 
refine 99
Creating Jobs
INFO: Refine results to 99 
INFO: Generating 99.0 unweigthed events. 
INFO: Effective Luminosity 0.178349571205 pb^-1 
INFO: need to improve 0 channels 
Current estimate of cross-section: 661.622 +- 5.8351555181
    P1_qq_ll 
INFO:  Idle: 0,  Running: 0,  Completed: 0 [ current time: 15h14 ] 
INFO: Combining runs 
INFO: finish refine 
refine 99
Creating Jobs
INFO: Refine results to 99 
INFO: Generating 99.0 unweigthed events. 
INFO: Effective Luminosity 0.178349571205 pb^-1 
INFO: need to improve 0 channels 
Current estimate of cross-section: 661.622 +- 5.8351555181
    P1_qq_ll 
INFO:  Idle: 0,  Running: 0,  Completed: 0 [ current time: 15h14 ] 
INFO: Combining runs 
INFO: finish refine 
INFO: Combining Events 
  === Results Summary for run: SM_hi_0 tag: tag_3 ===

     Cross-section :   661.6 +- 5.835 pb
     Nb of events :  99
 
INFO: Running Systematics computation 
INFO: # events generated with PDF: NNPDF23_lo_as_0130_qed (247000) 
INFO: #Will Compute 145 weights per event. 
INFO: # currently at event 0 [elapsed time: 0.032 s] 
INFO: #***************************************************************************
#
# original cross-section: 661.622
#     scale variation: +12.3% -13.1%
#     central scheme variation: +6.21e-09% -17.6%
# PDF variation: +3.14% -3.14%
#
# dynamical scheme # 1 : 633.262 +13.1% -13.9% # \sum ET
# dynamical scheme # 2 : 633.262 +13.1% -13.9% # \sum\sqrt{m^2+pt^2}
# dynamical scheme # 3 : 545.356 +16.1% -16.8% # 0.5 \sum\sqrt{m^2+pt^2}
# dynamical scheme # 4 : 661.622 +12.3% -13.1% # \sqrt{\hat s}
#***************************************************************************
 
INFO: End of systematics computation 
store_events
INFO: Storing parton level results 
INFO: End Parton 
reweight -from_cards
decay_events -from_cards
INFO: [92mRunning MadAnalysis5 [arXiv:1206.1599][0m 
INFO: Parton input file considered: 
INFO:   --> /mnt/hephy/pheno/gerhard/Madresults/singularity/firsttry/Events/SM_hi_0/unweighted_events.lhe.gz 
[1;32mINFO: MadAnalysis5 now running the 'analysis1' analysis... [0m
INFO: Follow Madanalysis5 run with the following command in a separate terminal: 
INFO:   tail -f /mnt/hephy/pheno/gerhard/Madresults/singularity/firsttry/Events/SM_hi_0/tag_3_MA5_analysis1.log 
INFO: MadAnalysis5 successfully completed the analysis 'analysis1'. Reported results are placed in: 
INFO:   --> /mnt/hephy/pheno/gerhard/Madresults/singularity/firsttry/Events/SM_hi_0/tag_3_MA5_parton_analysis_analysis1.pdf 
INFO: Finished MA5 analyses. 
INFO: storing files of previous run 
INFO: Done 
INFO: Merging LHE files 
Input file: /mnt/hephy/pheno/gerhard/Madresults/singularity/firsttry/Events/SM_hi_0/unweighted_events.lhe.gz
 No. Events = 99, Cross-section = 661.622, LHE version = 3.0	
 xsecup = 6.616220e+02, xerrup = 5.835156e+00
 xmaxup = 6.616220e+02, lprup = 1


Banner file: /mnt/hephy/pheno/gerhard/Madresults/singularity/firsttry/Events/SM_hi_banner.txt
Output file: /mnt/hephy/pheno/gerhard/Madresults/singularity/firsttry/Events/SM_hi/unweighted_events.lhe.gz
 No. Events = 99, Cross-section = 6.61622E+02
 xsecup = 6.68305E+02, xerrup = 5.83521E+00
 xmaxup = 6.616220e+02, lprup = 1

 Unit weight = 6.68305E+00
Wrote 99 events
INFO:  
  === Results Summary for run: SM_hi tag: tag_2 ===

     Cross-section :   661.6 +- 5.835 pb
     Nb of events :  99
 
quit
INFO:  
launch in debug mode
